mode: set
rodmcp/internal/browser/manager.go:45.61,54.2 2 0
rodmcp/internal/browser/manager.go:56.46,65.16 5 0
rodmcp/internal/browser/manager.go:65.16,67.3 1 0
rodmcp/internal/browser/manager.go:69.2,78.22 3 0
rodmcp/internal/browser/manager.go:78.22,80.3 1 0
rodmcp/internal/browser/manager.go:82.2,82.18 1 0
rodmcp/internal/browser/manager.go:82.18,84.3 1 0
rodmcp/internal/browser/manager.go:87.2,88.16 2 0
rodmcp/internal/browser/manager.go:88.16,90.24 1 0
rodmcp/internal/browser/manager.go:90.24,99.24 3 0
rodmcp/internal/browser/manager.go:99.24,101.5 1 0
rodmcp/internal/browser/manager.go:103.4,103.20 1 0
rodmcp/internal/browser/manager.go:103.20,105.5 1 0
rodmcp/internal/browser/manager.go:107.4,108.18 2 0
rodmcp/internal/browser/manager.go:108.18,110.5 1 0
rodmcp/internal/browser/manager.go:112.4,112.99 1 0
rodmcp/internal/browser/manager.go:113.9,116.107 2 0
rodmcp/internal/browser/manager.go:116.107,118.5 1 0
rodmcp/internal/browser/manager.go:119.4,119.58 1 0
rodmcp/internal/browser/manager.go:124.2,125.27 2 0
rodmcp/internal/browser/manager.go:125.27,127.3 1 0
rodmcp/internal/browser/manager.go:129.2,129.42 1 0
rodmcp/internal/browser/manager.go:129.42,131.3 1 0
rodmcp/internal/browser/manager.go:133.2,137.12 4 0
rodmcp/internal/browser/manager.go:140.32,148.32 5 0
rodmcp/internal/browser/manager.go:148.32,149.38 1 0
rodmcp/internal/browser/manager.go:149.38,153.4 1 0
rodmcp/internal/browser/manager.go:155.2,158.22 2 0
rodmcp/internal/browser/manager.go:158.22,159.43 1 0
rodmcp/internal/browser/manager.go:159.43,162.4 1 0
rodmcp/internal/browser/manager.go:165.2,169.12 4 0
rodmcp/internal/browser/manager.go:172.66,175.22 2 0
rodmcp/internal/browser/manager.go:175.22,177.3 1 0
rodmcp/internal/browser/manager.go:179.2,187.15 6 0
rodmcp/internal/browser/manager.go:187.15,189.47 1 0
rodmcp/internal/browser/manager.go:189.47,192.4 2 0
rodmcp/internal/browser/manager.go:195.3,198.57 3 0
rodmcp/internal/browser/manager.go:198.57,201.4 2 0
rodmcp/internal/browser/manager.go:204.3,204.54 1 0
rodmcp/internal/browser/manager.go:204.54,207.4 2 0
rodmcp/internal/browser/manager.go:210.2,213.26 3 0
rodmcp/internal/browser/manager.go:216.61,221.13 4 0
rodmcp/internal/browser/manager.go:221.13,223.3 1 0
rodmcp/internal/browser/manager.go:225.2,225.18 1 0
rodmcp/internal/browser/manager.go:228.50,230.2 1 0
rodmcp/internal/browser/manager.go:232.50,237.12 4 0
rodmcp/internal/browser/manager.go:237.12,239.3 1 0
rodmcp/internal/browser/manager.go:240.2,242.13 2 0
rodmcp/internal/browser/manager.go:242.13,244.3 1 0
rodmcp/internal/browser/manager.go:246.2,246.37 1 0
rodmcp/internal/browser/manager.go:246.37,248.3 1 0
rodmcp/internal/browser/manager.go:250.2,253.12 3 0
rodmcp/internal/browser/manager.go:256.40,261.26 4 0
rodmcp/internal/browser/manager.go:261.26,263.3 1 0
rodmcp/internal/browser/manager.go:265.2,265.16 1 0
rodmcp/internal/browser/manager.go:268.61,272.16 3 0
rodmcp/internal/browser/manager.go:272.16,274.3 1 0
rodmcp/internal/browser/manager.go:276.2,277.16 2 0
rodmcp/internal/browser/manager.go:277.16,279.3 1 0
rodmcp/internal/browser/manager.go:281.2,284.24 3 0
rodmcp/internal/browser/manager.go:287.84,291.16 3 0
rodmcp/internal/browser/manager.go:291.16,293.3 1 0
rodmcp/internal/browser/manager.go:296.2,305.29 4 0
rodmcp/internal/browser/manager.go:305.29,307.39 2 0
rodmcp/internal/browser/manager.go:307.39,309.9 2 0
rodmcp/internal/browser/manager.go:313.2,315.22 2 0
rodmcp/internal/browser/manager.go:315.22,317.30 1 0
rodmcp/internal/browser/manager.go:317.30,319.40 2 0
rodmcp/internal/browser/manager.go:319.40,321.10 2 0
rodmcp/internal/browser/manager.go:324.3,324.75 1 0
rodmcp/internal/browser/manager.go:325.8,327.90 1 0
rodmcp/internal/browser/manager.go:327.90,330.4 1 0
rodmcp/internal/browser/manager.go:330.9,333.4 1 0
rodmcp/internal/browser/manager.go:337.2,338.16 2 0
rodmcp/internal/browser/manager.go:338.16,340.3 1 0
rodmcp/internal/browser/manager.go:342.2,345.26 3 0
rodmcp/internal/browser/manager.go:348.73,352.16 3 0
rodmcp/internal/browser/manager.go:352.16,354.3 1 0
rodmcp/internal/browser/manager.go:357.2,357.46 1 0
rodmcp/internal/browser/manager.go:357.46,359.3 1 0
rodmcp/internal/browser/manager.go:362.2,365.56 3 0
rodmcp/internal/browser/manager.go:365.56,367.3 1 0
rodmcp/internal/browser/manager.go:370.2,370.53 1 0
rodmcp/internal/browser/manager.go:370.53,372.3 1 0
rodmcp/internal/browser/manager.go:374.2,377.12 3 0
rodmcp/internal/browser/manager.go:380.78,382.16 2 0
rodmcp/internal/browser/manager.go:382.16,384.3 1 0
rodmcp/internal/browser/manager.go:386.2,392.16 3 0
rodmcp/internal/browser/manager.go:392.16,393.49 1 0
rodmcp/internal/browser/manager.go:393.49,395.4 1 0
rodmcp/internal/browser/manager.go:398.2,398.18 1 0
rodmcp/internal/browser/manager.go:401.53,405.22 3 0
rodmcp/internal/browser/manager.go:405.22,407.3 1 0
rodmcp/internal/browser/manager.go:410.2,410.35 1 0
rodmcp/internal/browser/manager.go:410.35,412.14 2 0
rodmcp/internal/browser/manager.go:412.14,414.4 1 0
rodmcp/internal/browser/manager.go:415.3,417.13 3 0
rodmcp/internal/browser/manager.go:421.2,423.32 3 0
rodmcp/internal/browser/manager.go:423.32,424.51 1 0
rodmcp/internal/browser/manager.go:424.51,426.4 1 0
rodmcp/internal/browser/manager.go:428.2,434.33 3 0
rodmcp/internal/browser/manager.go:434.33,436.3 1 0
rodmcp/internal/browser/manager.go:439.2,442.42 2 0
rodmcp/internal/browser/manager.go:442.42,444.3 1 0
rodmcp/internal/browser/manager.go:447.2,447.35 1 0
rodmcp/internal/browser/manager.go:447.35,448.16 1 0
rodmcp/internal/browser/manager.go:448.16,450.18 2 0
rodmcp/internal/browser/manager.go:450.18,455.5 1 0
rodmcp/internal/browser/manager.go:455.10,460.5 1 0
rodmcp/internal/browser/manager.go:464.2,465.13 2 0
rodmcp/internal/browser/manager.go:465.13,467.3 1 0
rodmcp/internal/browser/manager.go:469.2,476.12 4 0
rodmcp/internal/browser/manager.go:480.56,482.70 1 0
rodmcp/internal/browser/manager.go:482.70,483.37 1 0
rodmcp/internal/browser/manager.go:483.37,487.4 2 0
rodmcp/internal/browser/manager.go:487.9,490.4 1 0
rodmcp/internal/browser/manager.go:494.2,506.39 2 0
rodmcp/internal/browser/manager.go:506.39,507.22 1 0
rodmcp/internal/browser/manager.go:507.22,511.4 2 0
rodmcp/internal/browser/manager.go:513.3,513.36 1 0
rodmcp/internal/browser/manager.go:513.36,515.4 1 0
rodmcp/internal/browser/manager.go:518.2,518.88 1 0
rodmcp/internal/browser/manager.go:522.61,524.48 1 0
rodmcp/internal/browser/manager.go:524.48,528.3 2 0
rodmcp/internal/browser/manager.go:531.2,532.34 2 0
rodmcp/internal/browser/manager.go:532.34,536.3 2 0
rodmcp/internal/browser/manager.go:538.2,539.13 2 0
rodmcp/internal/browser/manager.go:543.58,545.45 1 0
rodmcp/internal/browser/manager.go:545.45,547.3 1 0
rodmcp/internal/browser/manager.go:550.2,551.16 2 0
rodmcp/internal/browser/manager.go:551.16,553.3 1 0
rodmcp/internal/browser/manager.go:556.2,556.63 1 0
rodmcp/internal/browser/manager.go:556.63,566.17 5 0
rodmcp/internal/browser/manager.go:566.17,568.4 1 0
rodmcp/internal/browser/manager.go:570.3,571.17 2 0
rodmcp/internal/browser/manager.go:571.17,573.4 1 0
rodmcp/internal/browser/manager.go:574.3,579.39 2 0
rodmcp/internal/browser/manager.go:582.2,582.12 1 0
rodmcp/internal/browser/manager.go:586.39,587.22 1 0
rodmcp/internal/browser/manager.go:587.22,589.3 1 0
rodmcp/internal/browser/manager.go:592.2,597.16 4 0
rodmcp/internal/browser/manager.go:597.16,601.3 2 0
rodmcp/internal/browser/manager.go:603.2,603.12 1 0
rodmcp/internal/browser/manager.go:607.41,608.40 1 0
rodmcp/internal/browser/manager.go:608.40,615.33 4 0
rodmcp/internal/browser/manager.go:615.33,616.52 1 0
rodmcp/internal/browser/manager.go:616.52,618.5 1 0
rodmcp/internal/browser/manager.go:620.3,623.42 2 0
rodmcp/internal/browser/manager.go:623.42,626.4 1 0
rodmcp/internal/browser/manager.go:629.3,631.53 2 0
rodmcp/internal/browser/manager.go:631.53,633.4 1 0
rodmcp/internal/browser/manager.go:636.3,636.36 1 0
rodmcp/internal/browser/manager.go:636.36,637.17 1 0
rodmcp/internal/browser/manager.go:637.17,638.62 1 0
rodmcp/internal/browser/manager.go:638.62,643.6 1 0
rodmcp/internal/browser/manager.go:647.3,647.75 1 0
rodmcp/internal/browser/manager.go:650.2,650.12 1 0
rodmcp/internal/browser/manager.go:661.44,666.36 4 0
rodmcp/internal/browser/manager.go:666.36,671.43 3 0
rodmcp/internal/browser/manager.go:671.43,674.4 2 0
rodmcp/internal/browser/manager.go:677.3,677.16 1 0
rodmcp/internal/browser/manager.go:677.16,678.53 1 0
rodmcp/internal/browser/manager.go:678.53,680.5 1 0
rodmcp/internal/browser/manager.go:683.3,687.5 1 0
rodmcp/internal/browser/manager.go:690.2,690.14 1 0
rodmcp/internal/browser/manager.go:694.45,700.30 3 0
rodmcp/internal/browser/manager.go:700.30,702.3 1 0
rodmcp/internal/browser/manager.go:704.2,704.11 1 0
rodmcp/internal/browser/manager.go:708.53,713.13 4 0
rodmcp/internal/browser/manager.go:713.13,715.3 1 0
rodmcp/internal/browser/manager.go:718.2,719.16 2 0
rodmcp/internal/browser/manager.go:719.16,721.3 1 0
rodmcp/internal/browser/manager.go:723.2,724.12 2 0
rodmcp/cmd/server/main.go:30.161,37.22 3 0
rodmcp/cmd/server/main.go:37.22,39.17 2 0
rodmcp/cmd/server/main.go:39.17,41.4 1 0
rodmcp/cmd/server/main.go:43.3,43.58 1 0
rodmcp/cmd/server/main.go:43.58,45.4 1 0
rodmcp/cmd/server/main.go:49.2,49.24 1 0
rodmcp/cmd/server/main.go:49.24,52.44 2 0
rodmcp/cmd/server/main.go:52.44,54.4 1 0
rodmcp/cmd/server/main.go:57.2,57.21 1 0
rodmcp/cmd/server/main.go:57.21,60.41 2 0
rodmcp/cmd/server/main.go:60.41,62.4 1 0
rodmcp/cmd/server/main.go:66.2,71.24 4 0
rodmcp/cmd/server/main.go:71.24,73.3 1 0
rodmcp/cmd/server/main.go:75.2,75.20 1 0
rodmcp/cmd/server/main.go:78.13,80.22 1 0
rodmcp/cmd/server/main.go:80.22,81.21 1 0
rodmcp/cmd/server/main.go:82.37,84.10 2 0
rodmcp/cmd/server/main.go:85.30,87.10 2 0
rodmcp/cmd/server/main.go:88.24,89.24 1 0
rodmcp/cmd/server/main.go:89.24,92.5 2 0
rodmcp/cmd/server/main.go:93.4,94.10 2 0
rodmcp/cmd/server/main.go:95.17,97.10 2 0
rodmcp/cmd/server/main.go:98.15,100.10 2 0
rodmcp/cmd/server/main.go:101.31,103.10 2 0
rodmcp/cmd/server/main.go:108.2,139.16 5 0
rodmcp/cmd/server/main.go:139.16,142.3 2 0
rodmcp/cmd/server/main.go:143.2,161.56 5 0
rodmcp/cmd/server/main.go:161.56,163.3 1 0
rodmcp/cmd/server/main.go:164.2,208.16 27 0
rodmcp/cmd/server/main.go:208.16,210.3 1 0
rodmcp/cmd/server/main.go:212.2,237.12 11 0
rodmcp/cmd/server/main.go:237.12,238.43 1 0
rodmcp/cmd/server/main.go:238.43,240.4 1 0
rodmcp/cmd/server/main.go:243.2,258.9 3 0
rodmcp/cmd/server/main.go:259.24,260.75 1 0
rodmcp/cmd/server/main.go:261.24,262.48 1 0
rodmcp/cmd/server/main.go:265.2,268.41 2 0
rodmcp/cmd/server/main.go:268.41,270.3 1 0
rodmcp/cmd/server/main.go:273.24,307.16 5 0
rodmcp/cmd/server/main.go:307.16,310.3 2 0
rodmcp/cmd/server/main.go:311.2,330.56 5 0
rodmcp/cmd/server/main.go:330.56,332.3 1 0
rodmcp/cmd/server/main.go:333.2,374.16 26 0
rodmcp/cmd/server/main.go:374.16,376.3 1 0
rodmcp/cmd/server/main.go:378.2,403.12 11 0
rodmcp/cmd/server/main.go:403.12,404.75 1 0
rodmcp/cmd/server/main.go:404.75,406.4 1 0
rodmcp/cmd/server/main.go:409.2,426.9 3 0
rodmcp/cmd/server/main.go:427.24,428.75 1 0
rodmcp/cmd/server/main.go:429.24,430.49 1 0
rodmcp/cmd/server/main.go:433.2,434.42 2 0
rodmcp/cmd/server/main.go:434.42,436.3 1 0
rodmcp/cmd/server/main.go:440.40,453.16 3 0
rodmcp/cmd/server/main.go:453.16,456.3 2 0
rodmcp/cmd/server/main.go:459.2,517.14 32 0
rodmcp/cmd/server/main.go:520.20,522.25 2 0
rodmcp/cmd/server/main.go:522.25,524.3 1 0
rodmcp/cmd/server/main.go:525.2,525.28 1 0
rodmcp/cmd/server/main.go:525.28,527.3 1 0
rodmcp/cmd/server/main.go:528.2,529.50 2 0
rodmcp/cmd/server/main.go:532.17,676.2 1 0
rodmcp/cmd/server/main.go:678.18,720.46 6 0
rodmcp/cmd/server/main.go:720.46,724.34 3 0
rodmcp/cmd/server/main.go:724.34,725.43 1 0
rodmcp/cmd/server/main.go:725.43,727.5 1 0
rodmcp/cmd/server/main.go:729.3,729.16 1 0
rodmcp/cmd/server/main.go:732.2,734.83 3 0
rodmcp/cmd/server/main.go:737.36,741.13 3 0
rodmcp/cmd/server/main.go:741.13,746.27 4 0
rodmcp/cmd/server/main.go:746.27,748.4 1 0
rodmcp/cmd/server/main.go:749.3,751.30 2 0
rodmcp/cmd/server/main.go:751.30,753.4 1 0
rodmcp/cmd/server/main.go:754.3,754.13 1 0
rodmcp/cmd/server/main.go:757.2,764.56 6 0
rodmcp/cmd/server/main.go:764.56,766.3 1 0
rodmcp/cmd/server/main.go:766.8,768.3 1 0
rodmcp/cmd/server/main.go:770.2,770.46 1 0
rodmcp/cmd/server/main.go:770.46,772.42 2 0
rodmcp/cmd/server/main.go:772.42,773.61 1 0
rodmcp/cmd/server/main.go:773.61,775.47 2 0
rodmcp/cmd/server/main.go:775.47,777.6 1 0
rodmcp/cmd/server/main.go:779.5,780.54 2 0
rodmcp/cmd/server/main.go:780.54,782.6 1 0
rodmcp/cmd/server/main.go:784.5,785.31 2 0
rodmcp/cmd/server/main.go:785.31,786.42 1 0
rodmcp/cmd/server/main.go:786.42,787.27 1 0
rodmcp/cmd/server/main.go:787.27,789.13 2 0
rodmcp/cmd/server/main.go:794.5,795.26 2 0
rodmcp/cmd/server/main.go:795.26,797.6 1 0
rodmcp/cmd/server/main.go:800.5,800.43 1 0
rodmcp/cmd/server/main.go:800.43,802.6 1 0
rodmcp/cmd/server/main.go:805.5,805.43 1 0
rodmcp/cmd/server/main.go:805.43,807.6 1 0
rodmcp/cmd/server/main.go:808.5,808.43 1 0
rodmcp/cmd/server/main.go:808.43,810.6 1 0
rodmcp/cmd/server/main.go:812.5,812.18 1 0
rodmcp/cmd/server/main.go:817.2,818.21 2 0
rodmcp/cmd/server/main.go:819.23,821.45 1 0
rodmcp/cmd/server/main.go:822.19,824.77 1 0
rodmcp/cmd/server/main.go:825.14,827.21 1 0
rodmcp/cmd/server/main.go:828.22,830.89 1 0
rodmcp/cmd/server/main.go:831.19,833.43 1 0
rodmcp/cmd/server/main.go:834.10,835.81 1 0
rodmcp/cmd/server/main.go:838.2,838.15 1 0
rodmcp/cmd/server/main.go:841.21,851.26 4 0
rodmcp/cmd/server/main.go:851.26,853.3 1 0
rodmcp/cmd/server/main.go:854.2,856.29 2 0
rodmcp/cmd/server/main.go:856.29,864.3 3 0
rodmcp/cmd/server/main.go:867.2,868.16 2 0
rodmcp/cmd/server/main.go:868.16,871.3 2 0
rodmcp/cmd/server/main.go:873.2,873.29 1 0
rodmcp/internal/logger/logger.go:28.42,30.57 1 0
rodmcp/internal/logger/logger.go:30.57,32.3 1 0
rodmcp/internal/logger/logger.go:35.2,36.25 2 0
rodmcp/internal/logger/logger.go:37.15,38.29 1 0
rodmcp/internal/logger/logger.go:39.14,40.28 1 0
rodmcp/internal/logger/logger.go:41.14,42.28 1 0
rodmcp/internal/logger/logger.go:43.15,44.29 1 0
rodmcp/internal/logger/logger.go:45.10,46.28 1 0
rodmcp/internal/logger/logger.go:50.2,51.24 2 0
rodmcp/internal/logger/logger.go:51.24,54.3 2 0
rodmcp/internal/logger/logger.go:54.8,57.3 2 0
rodmcp/internal/logger/logger.go:59.2,100.8 10 0
rodmcp/internal/logger/logger.go:103.45,105.2 1 0
rodmcp/internal/logger/logger.go:107.62,109.2 1 0
rodmcp/internal/logger/logger.go:111.60,113.2 1 0
rodmcp/internal/logger/logger.go:115.67,120.2 1 0
rodmcp/internal/logger/logger.go:122.79,123.16 1 0
rodmcp/internal/logger/logger.go:123.16,128.3 1 0
rodmcp/internal/logger/logger.go:128.8,133.3 1 0
rodmcp/internal/logger/logger.go:136.78,142.2 1 0
rodmcp/internal/logger/logger.go:144.111,145.13 1 0
rodmcp/internal/logger/logger.go:145.13,151.3 1 0
rodmcp/internal/logger/logger.go:151.8,157.3 1 0
rodmcp/internal/mcp/http_server.go:29.62,40.2 1 0
rodmcp/internal/mcp/http_server.go:42.46,48.2 4 0
rodmcp/internal/mcp/http_server.go:50.36,54.65 2 0
rodmcp/internal/mcp/http_server.go:54.65,55.55 1 0
rodmcp/internal/mcp/http_server.go:55.55,60.29 4 0
rodmcp/internal/mcp/http_server.go:60.29,63.5 2 0
rodmcp/internal/mcp/http_server.go:65.4,65.17 1 0
rodmcp/internal/mcp/http_server.go:70.2,90.34 8 0
rodmcp/internal/mcp/http_server.go:93.35,94.21 1 0
rodmcp/internal/mcp/http_server.go:94.21,96.3 1 0
rodmcp/internal/mcp/http_server.go:98.2,102.31 4 0
rodmcp/internal/mcp/http_server.go:105.73,106.23 1 0
rodmcp/internal/mcp/http_server.go:106.23,109.3 2 0
rodmcp/internal/mcp/http_server.go:111.2,130.37 6 0
rodmcp/internal/mcp/http_server.go:133.75,134.23 1 0
rodmcp/internal/mcp/http_server.go:134.23,137.3 2 0
rodmcp/internal/mcp/http_server.go:139.2,151.35 6 0
rodmcp/internal/mcp/http_server.go:154.79,155.24 1 0
rodmcp/internal/mcp/http_server.go:155.24,158.3 2 0
rodmcp/internal/mcp/http_server.go:160.2,161.65 2 0
rodmcp/internal/mcp/http_server.go:161.65,164.3 2 0
rodmcp/internal/mcp/http_server.go:167.2,167.42 1 0
rodmcp/internal/mcp/http_server.go:167.42,171.3 1 0
rodmcp/internal/mcp/http_server.go:173.2,185.37 4 0
rodmcp/internal/mcp/http_server.go:188.78,189.23 1 0
rodmcp/internal/mcp/http_server.go:189.23,192.3 2 0
rodmcp/internal/mcp/http_server.go:194.2,198.31 4 0
rodmcp/internal/mcp/http_server.go:198.31,204.3 1 0
rodmcp/internal/mcp/http_server.go:206.2,211.35 3 0
rodmcp/internal/mcp/http_server.go:214.78,215.24 1 0
rodmcp/internal/mcp/http_server.go:215.24,218.3 2 0
rodmcp/internal/mcp/http_server.go:220.2,221.65 2 0
rodmcp/internal/mcp/http_server.go:221.65,224.3 2 0
rodmcp/internal/mcp/http_server.go:226.2,230.13 4 0
rodmcp/internal/mcp/http_server.go:230.13,233.3 2 0
rodmcp/internal/mcp/http_server.go:236.2,241.16 3 0
rodmcp/internal/mcp/http_server.go:241.16,247.3 3 0
rodmcp/internal/mcp/http_server.go:249.2,253.35 3 0
rodmcp/internal/mcp/http_server.go:256.112,269.2 4 0
rodmcp/internal/mcp/http_server.go:272.102,273.15 1 0
rodmcp/internal/mcp/http_server.go:274.15,275.75 1 0
rodmcp/internal/mcp/http_server.go:276.14,277.74 1 0
rodmcp/internal/mcp/http_server.go:278.15,279.75 1 0
rodmcp/internal/mcp/http_server.go:280.10,281.74 1 0
rodmcp/internal/mcp/http_server.go:283.2,283.12 1 0
rodmcp/internal/mcp/server.go:45.44,60.2 2 0
rodmcp/internal/mcp/server.go:62.42,68.2 4 0
rodmcp/internal/mcp/server.go:70.69,73.2 2 0
rodmcp/internal/mcp/server.go:75.32,84.2 3 0
rodmcp/internal/mcp/server.go:86.43,90.6 3 0
rodmcp/internal/mcp/server.go:90.6,91.10 1 0
rodmcp/internal/mcp/server.go:92.23,93.10 1 0
rodmcp/internal/mcp/server.go:94.19,100.48 4 0
rodmcp/internal/mcp/server.go:100.48,102.45 2 0
rodmcp/internal/mcp/server.go:102.45,105.6 1 0
rodmcp/internal/mcp/server.go:109.4,109.31 1 0
rodmcp/internal/mcp/server.go:109.31,110.60 1 0
rodmcp/internal/mcp/server.go:110.60,113.6 1 0
rodmcp/internal/mcp/server.go:117.4,117.49 1 0
rodmcp/internal/mcp/server.go:117.49,120.5 1 0
rodmcp/internal/mcp/server.go:125.43,135.12 5 0
rodmcp/internal/mcp/server.go:135.12,137.22 2 0
rodmcp/internal/mcp/server.go:137.22,138.11 1 0
rodmcp/internal/mcp/server.go:139.37,139.37 0 0
rodmcp/internal/mcp/server.go:140.24,141.11 1 0
rodmcp/internal/mcp/server.go:144.3,144.39 1 0
rodmcp/internal/mcp/server.go:144.39,146.4 1 0
rodmcp/internal/mcp/server.go:150.2,150.6 1 0
rodmcp/internal/mcp/server.go:150.6,151.10 1 0
rodmcp/internal/mcp/server.go:152.23,154.14 2 0
rodmcp/internal/mcp/server.go:156.27,158.14 2 0
rodmcp/internal/mcp/server.go:160.32,161.11 1 0
rodmcp/internal/mcp/server.go:161.11,165.5 2 0
rodmcp/internal/mcp/server.go:167.4,167.18 1 0
rodmcp/internal/mcp/server.go:167.18,168.13 1 0
rodmcp/internal/mcp/server.go:172.4,177.56 3 0
rodmcp/internal/mcp/server.go:177.56,181.5 1 0
rodmcp/internal/mcp/server.go:183.38,185.61 1 0
rodmcp/internal/mcp/server.go:190.51,192.51 2 0
rodmcp/internal/mcp/server.go:192.51,194.3 1 0
rodmcp/internal/mcp/server.go:196.2,198.20 2 0
rodmcp/internal/mcp/server.go:199.20,200.34 1 0
rodmcp/internal/mcp/server.go:201.20,202.33 1 0
rodmcp/internal/mcp/server.go:203.20,204.33 1 0
rodmcp/internal/mcp/server.go:205.35,208.13 3 0
rodmcp/internal/mcp/server.go:209.10,210.62 1 0
rodmcp/internal/mcp/server.go:214.68,216.23 2 0
rodmcp/internal/mcp/server.go:216.23,218.58 2 0
rodmcp/internal/mcp/server.go:218.58,220.4 1 0
rodmcp/internal/mcp/server.go:224.2,224.42 1 0
rodmcp/internal/mcp/server.go:224.42,228.3 1 0
rodmcp/internal/mcp/server.go:230.2,239.41 2 0
rodmcp/internal/mcp/server.go:242.67,247.31 4 0
rodmcp/internal/mcp/server.go:247.31,253.3 1 0
rodmcp/internal/mcp/server.go:255.2,259.39 2 0
rodmcp/internal/mcp/server.go:262.67,264.23 2 0
rodmcp/internal/mcp/server.go:264.23,266.58 2 0
rodmcp/internal/mcp/server.go:266.58,268.4 1 0
rodmcp/internal/mcp/server.go:271.2,275.13 4 0
rodmcp/internal/mcp/server.go:275.13,277.3 1 0
rodmcp/internal/mcp/server.go:279.2,280.16 2 0
rodmcp/internal/mcp/server.go:280.16,283.3 2 0
rodmcp/internal/mcp/server.go:285.2,286.39 2 0
rodmcp/internal/mcp/server.go:289.73,297.2 2 0
rodmcp/internal/mcp/server.go:299.94,311.2 2 0
rodmcp/internal/mcp/server.go:313.58,315.16 2 0
rodmcp/internal/mcp/server.go:315.16,317.3 1 0
rodmcp/internal/mcp/server.go:319.2,320.16 2 0
rodmcp/internal/mcp/server.go:320.16,322.3 1 0
rodmcp/internal/mcp/server.go:324.2,327.12 2 0
rodmcp/internal/mcp/server.go:330.98,346.2 4 0
rodmcp/internal/mcp/server.go:349.35,353.2 3 0
rodmcp/internal/mcp/server.go:356.40,366.2 2 0
rodmcp/internal/mcp/server.go:369.31,373.2 3 0
rodmcp/internal/webtools/demo_tool.go:17.70,22.2 1 0
rodmcp/internal/webtools/demo_tool.go:24.34,26.2 1 0
rodmcp/internal/webtools/demo_tool.go:28.41,30.2 1 0
rodmcp/internal/webtools/demo_tool.go:32.51,48.2 1 0
rodmcp/internal/webtools/demo_tool.go:50.90,52.15 2 0
rodmcp/internal/webtools/demo_tool.go:52.15,55.3 2 0
rodmcp/internal/webtools/demo_tool.go:57.2,58.20 2 0
rodmcp/internal/webtools/demo_tool.go:58.20,60.3 1 0
rodmcp/internal/webtools/demo_tool.go:62.2,63.13 2 0
rodmcp/internal/webtools/demo_tool.go:63.13,66.3 1 0
rodmcp/internal/webtools/demo_tool.go:68.2,71.18 3 0
rodmcp/internal/webtools/demo_tool.go:72.22,73.39 1 0
rodmcp/internal/webtools/demo_tool.go:74.22,75.39 1 0
rodmcp/internal/webtools/demo_tool.go:76.21,77.38 1 0
rodmcp/internal/webtools/demo_tool.go:78.23,79.40 1 0
rodmcp/internal/webtools/demo_tool.go:80.10,81.125 1 0
rodmcp/internal/webtools/demo_tool.go:84.2,84.16 1 0
rodmcp/internal/webtools/demo_tool.go:84.16,92.3 1 0
rodmcp/internal/webtools/demo_tool.go:94.2,103.8 1 0
rodmcp/internal/webtools/demo_tool.go:106.57,212.2 24 0
rodmcp/internal/webtools/demo_tool.go:214.57,243.2 22 0
rodmcp/internal/webtools/demo_tool.go:245.56,273.2 21 0
rodmcp/internal/webtools/demo_tool.go:275.58,316.2 33 0
rodmcp/internal/webtools/enhanced_tool.go:27.53,160.52 2 0
rodmcp/internal/webtools/enhanced_tool.go:160.52,162.3 1 0
rodmcp/internal/webtools/enhanced_tool.go:163.2,163.41 1 0
rodmcp/internal/webtools/enhanced_tool.go:167.53,456.47 2 0
rodmcp/internal/webtools/enhanced_tool.go:456.47,458.3 1 0
rodmcp/internal/webtools/enhanced_tool.go:459.2,459.24 1 0
rodmcp/internal/webtools/fileaccess.go:29.50,38.2 2 1
rodmcp/internal/webtools/fileaccess.go:46.64,47.19 1 1
rodmcp/internal/webtools/fileaccess.go:47.19,49.3 1 1
rodmcp/internal/webtools/fileaccess.go:50.2,50.39 1 1
rodmcp/internal/webtools/fileaccess.go:54.81,55.21 1 1
rodmcp/internal/webtools/fileaccess.go:55.21,57.3 1 1
rodmcp/internal/webtools/fileaccess.go:60.2,64.16 3 1
rodmcp/internal/webtools/fileaccess.go:64.16,66.3 1 0
rodmcp/internal/webtools/fileaccess.go:69.2,70.16 2 1
rodmcp/internal/webtools/fileaccess.go:70.16,74.3 1 1
rodmcp/internal/webtools/fileaccess.go:77.2,77.27 1 1
rodmcp/internal/webtools/fileaccess.go:77.27,79.3 1 1
rodmcp/internal/webtools/fileaccess.go:82.2,82.29 1 1
rodmcp/internal/webtools/fileaccess.go:82.29,84.3 1 1
rodmcp/internal/webtools/fileaccess.go:86.2,86.12 1 1
rodmcp/internal/webtools/fileaccess.go:90.61,91.63 1 1
rodmcp/internal/webtools/fileaccess.go:91.63,94.3 1 1
rodmcp/internal/webtools/fileaccess.go:95.2,95.12 1 1
rodmcp/internal/webtools/fileaccess.go:99.54,101.36 1 1
rodmcp/internal/webtools/fileaccess.go:101.36,103.17 2 1
rodmcp/internal/webtools/fileaccess.go:103.17,105.18 2 1
rodmcp/internal/webtools/fileaccess.go:105.18,108.5 1 1
rodmcp/internal/webtools/fileaccess.go:111.3,111.15 1 0
rodmcp/internal/webtools/fileaccess.go:115.2,115.30 1 1
rodmcp/internal/webtools/fileaccess.go:115.30,117.59 2 1
rodmcp/internal/webtools/fileaccess.go:117.59,118.40 1 1
rodmcp/internal/webtools/fileaccess.go:118.40,120.5 1 1
rodmcp/internal/webtools/fileaccess.go:125.2,125.53 1 1
rodmcp/internal/webtools/fileaccess.go:125.53,127.17 2 1
rodmcp/internal/webtools/fileaccess.go:127.17,128.12 1 0
rodmcp/internal/webtools/fileaccess.go:131.3,131.43 1 1
rodmcp/internal/webtools/fileaccess.go:131.43,133.4 1 1
rodmcp/internal/webtools/fileaccess.go:137.2,137.73 1 1
rodmcp/internal/webtools/fileaccess.go:137.73,139.3 1 0
rodmcp/internal/webtools/fileaccess.go:141.2,141.14 1 1
rodmcp/internal/webtools/fileaccess.go:145.53,146.47 1 1
rodmcp/internal/webtools/fileaccess.go:146.47,148.17 2 1
rodmcp/internal/webtools/fileaccess.go:148.17,149.12 1 0
rodmcp/internal/webtools/fileaccess.go:152.3,152.40 1 1
rodmcp/internal/webtools/fileaccess.go:152.40,154.4 1 1
rodmcp/internal/webtools/fileaccess.go:156.2,156.14 1 1
rodmcp/internal/webtools/fileaccess.go:160.72,167.2 3 1
rodmcp/internal/webtools/fileaccess.go:170.53,173.36 2 1
rodmcp/internal/webtools/fileaccess.go:173.36,174.48 1 1
rodmcp/internal/webtools/fileaccess.go:174.48,176.4 1 1
rodmcp/internal/webtools/fileaccess.go:179.2,179.30 1 1
rodmcp/internal/webtools/fileaccess.go:179.30,181.3 1 1
rodmcp/internal/webtools/fileaccess.go:183.2,185.14 2 1
rodmcp/internal/webtools/help_system.go:36.34,42.2 3 0
rodmcp/internal/webtools/help_system.go:44.40,280.2 12 0
rodmcp/internal/webtools/help_system.go:282.65,285.2 2 0
rodmcp/internal/webtools/help_system.go:287.76,289.31 2 0
rodmcp/internal/webtools/help_system.go:289.31,290.32 1 0
rodmcp/internal/webtools/help_system.go:290.32,292.4 1 0
rodmcp/internal/webtools/help_system.go:294.2,294.14 1 0
rodmcp/internal/webtools/help_system.go:297.67,351.2 2 0
rodmcp/internal/webtools/help_system.go:354.46,451.2 2 0
rodmcp/internal/webtools/help_system.go:453.52,454.20 1 0
rodmcp/internal/webtools/help_system.go:454.20,456.3 1 0
rodmcp/internal/webtools/help_system.go:458.2,459.33 2 0
rodmcp/internal/webtools/help_system.go:459.33,461.3 1 0
rodmcp/internal/webtools/help_system.go:462.2,462.15 1 0
rodmcp/internal/webtools/help_tool.go:17.48,22.2 1 0
rodmcp/internal/webtools/help_tool.go:24.34,26.2 1 0
rodmcp/internal/webtools/help_tool.go:28.41,30.2 1 0
rodmcp/internal/webtools/help_tool.go:32.51,47.2 1 0
rodmcp/internal/webtools/help_tool.go:49.90,51.15 2 0
rodmcp/internal/webtools/help_tool.go:51.15,54.3 2 0
rodmcp/internal/webtools/help_tool.go:56.2,61.15 4 0
rodmcp/internal/webtools/help_tool.go:62.22,63.32 1 0
rodmcp/internal/webtools/help_tool.go:64.19,65.33 1 0
rodmcp/internal/webtools/help_tool.go:66.18,67.32 1 0
rodmcp/internal/webtools/help_tool.go:68.41,69.46 1 0
rodmcp/internal/webtools/help_tool.go:70.10,72.58 1 0
rodmcp/internal/webtools/help_tool.go:72.58,74.4 1 0
rodmcp/internal/webtools/help_tool.go:74.9,76.4 1 0
rodmcp/internal/webtools/help_tool.go:79.2,79.20 1 0
rodmcp/internal/webtools/help_tool.go:79.20,81.3 1 0
rodmcp/internal/webtools/help_tool.go:83.2,92.8 1 0
rodmcp/internal/webtools/help_tool.go:95.41,153.2 1 0
rodmcp/internal/webtools/help_tool.go:155.42,157.2 1 0
rodmcp/internal/webtools/help_tool.go:159.41,254.2 1 0
rodmcp/internal/webtools/help_tool.go:256.55,263.27 4 0
rodmcp/internal/webtools/help_tool.go:263.27,271.3 3 0
rodmcp/internal/webtools/help_tool.go:273.2,277.29 3 0
rodmcp/internal/webtools/help_tool.go:277.29,279.38 2 0
rodmcp/internal/webtools/help_tool.go:279.38,281.4 1 0
rodmcp/internal/webtools/help_tool.go:282.3,282.28 1 0
rodmcp/internal/webtools/help_tool.go:285.2,285.33 1 0
rodmcp/internal/webtools/help_tool.go:285.33,287.43 2 0
rodmcp/internal/webtools/help_tool.go:287.43,289.4 1 0
rodmcp/internal/webtools/help_tool.go:290.3,290.28 1 0
rodmcp/internal/webtools/help_tool.go:293.2,293.29 1 0
rodmcp/internal/webtools/help_tool.go:293.29,295.39 2 0
rodmcp/internal/webtools/help_tool.go:295.39,297.4 1 0
rodmcp/internal/webtools/help_tool.go:298.3,298.28 1 0
rodmcp/internal/webtools/help_tool.go:301.2,301.32 1 0
rodmcp/internal/webtools/help_tool.go:301.32,303.41 2 0
rodmcp/internal/webtools/help_tool.go:303.41,305.4 1 0
rodmcp/internal/webtools/help_tool.go:306.3,306.28 1 0
rodmcp/internal/webtools/help_tool.go:310.2,311.23 2 0
rodmcp/internal/webtools/help_tool.go:311.23,313.31 2 0
rodmcp/internal/webtools/help_tool.go:313.31,316.42 3 0
rodmcp/internal/webtools/help_tool.go:316.42,318.5 1 0
rodmcp/internal/webtools/help_tool.go:319.4,320.71 2 0
rodmcp/internal/webtools/help_tool.go:324.2,324.25 1 0
rodmcp/internal/webtools/help_tool.go:327.66,329.21 2 0
rodmcp/internal/webtools/help_tool.go:329.21,331.3 1 0
rodmcp/internal/webtools/help_tool.go:333.2,336.29 3 0
rodmcp/internal/webtools/help_tool.go:336.29,338.3 1 0
rodmcp/internal/webtools/help_tool.go:340.2,340.25 1 0
rodmcp/internal/webtools/help_tool.go:343.57,361.2 1 0
rodmcp/internal/webtools/tools.go:28.60,30.2 1 0
rodmcp/internal/webtools/tools.go:32.40,34.2 1 0
rodmcp/internal/webtools/tools.go:36.47,38.2 1 0
rodmcp/internal/webtools/tools.go:40.57,72.2 1 0
rodmcp/internal/webtools/tools.go:74.96,76.15 2 0
rodmcp/internal/webtools/tools.go:76.15,79.3 2 0
rodmcp/internal/webtools/tools.go:81.2,82.9 2 0
rodmcp/internal/webtools/tools.go:82.9,84.3 1 0
rodmcp/internal/webtools/tools.go:86.2,86.61 1 0
rodmcp/internal/webtools/tools.go:86.61,88.3 1 0
rodmcp/internal/webtools/tools.go:90.2,91.9 2 0
rodmcp/internal/webtools/tools.go:91.9,93.3 1 0
rodmcp/internal/webtools/tools.go:95.2,96.9 2 0
rodmcp/internal/webtools/tools.go:96.9,98.3 1 0
rodmcp/internal/webtools/tools.go:100.2,123.43 4 0
rodmcp/internal/webtools/tools.go:123.43,125.3 1 0
rodmcp/internal/webtools/tools.go:128.2,128.71 1 0
rodmcp/internal/webtools/tools.go:128.71,136.3 1 0
rodmcp/internal/webtools/tools.go:138.2,145.8 2 0
rodmcp/internal/webtools/tools.go:154.93,156.2 1 0
rodmcp/internal/webtools/tools.go:158.42,160.2 1 0
rodmcp/internal/webtools/tools.go:162.49,164.2 1 0
rodmcp/internal/webtools/tools.go:166.59,178.2 1 0
rodmcp/internal/webtools/tools.go:180.98,192.12 5 0
rodmcp/internal/webtools/tools.go:192.12,194.16 2 0
rodmcp/internal/webtools/tools.go:194.16,197.4 2 0
rodmcp/internal/webtools/tools.go:199.3,200.10 2 0
rodmcp/internal/webtools/tools.go:200.10,203.4 2 0
rodmcp/internal/webtools/tools.go:205.3,205.59 1 0
rodmcp/internal/webtools/tools.go:205.59,208.4 2 0
rodmcp/internal/webtools/tools.go:210.3,211.34 2 0
rodmcp/internal/webtools/tools.go:214.2,214.9 1 0
rodmcp/internal/webtools/tools.go:215.27,216.31 1 0
rodmcp/internal/webtools/tools.go:217.20,224.9 1 0
rodmcp/internal/webtools/tools.go:228.91,230.37 1 0
rodmcp/internal/webtools/tools.go:230.37,231.52 1 0
rodmcp/internal/webtools/tools.go:231.52,233.4 1 0
rodmcp/internal/webtools/tools.go:237.2,240.20 3 0
rodmcp/internal/webtools/tools.go:240.20,243.69 2 0
rodmcp/internal/webtools/tools.go:243.69,251.4 1 0
rodmcp/internal/webtools/tools.go:252.8,255.17 2 0
rodmcp/internal/webtools/tools.go:255.17,263.4 1 0
rodmcp/internal/webtools/tools.go:264.3,264.21 1 0
rodmcp/internal/webtools/tools.go:268.2,270.17 3 0
rodmcp/internal/webtools/tools.go:270.17,271.40 1 0
rodmcp/internal/webtools/tools.go:271.40,273.4 1 0
rodmcp/internal/webtools/tools.go:276.2,282.8 1 0
rodmcp/internal/webtools/tools.go:286.112,293.12 3 0
rodmcp/internal/webtools/tools.go:293.12,296.3 2 0
rodmcp/internal/webtools/tools.go:298.2,298.9 1 0
rodmcp/internal/webtools/tools.go:299.27,300.21 1 0
rodmcp/internal/webtools/tools.go:300.21,305.4 1 0
rodmcp/internal/webtools/tools.go:306.3,306.18 1 0
rodmcp/internal/webtools/tools.go:307.29,311.4 1 0
rodmcp/internal/webtools/tools.go:322.89,328.2 1 0
rodmcp/internal/webtools/tools.go:330.40,332.2 1 0
rodmcp/internal/webtools/tools.go:334.47,336.2 1 0
rodmcp/internal/webtools/tools.go:338.57,352.2 1 0
rodmcp/internal/webtools/tools.go:354.96,356.15 2 0
rodmcp/internal/webtools/tools.go:356.15,359.3 2 0
rodmcp/internal/webtools/tools.go:361.2,362.25 2 0
rodmcp/internal/webtools/tools.go:362.25,365.22 2 0
rodmcp/internal/webtools/tools.go:365.22,373.4 1 0
rodmcp/internal/webtools/tools.go:374.3,374.20 1 0
rodmcp/internal/webtools/tools.go:377.2,378.16 2 0
rodmcp/internal/webtools/tools.go:378.16,386.3 1 0
rodmcp/internal/webtools/tools.go:388.2,389.20 2 0
rodmcp/internal/webtools/tools.go:389.20,392.70 2 0
rodmcp/internal/webtools/tools.go:392.70,400.29 4 0
rodmcp/internal/webtools/tools.go:400.29,402.39 2 0
rodmcp/internal/webtools/tools.go:402.39,404.6 1 0
rodmcp/internal/webtools/tools.go:407.4,413.10 1 0
rodmcp/internal/webtools/tools.go:417.3,417.78 1 0
rodmcp/internal/webtools/tools.go:417.78,435.4 5 0
rodmcp/internal/webtools/tools.go:437.3,437.67 1 0
rodmcp/internal/webtools/tools.go:437.67,445.4 1 0
rodmcp/internal/webtools/tools.go:447.3,452.9 1 0
rodmcp/internal/webtools/tools.go:456.2,464.8 2 0
rodmcp/internal/webtools/tools.go:474.111,480.2 1 0
rodmcp/internal/webtools/tools.go:482.51,484.2 1 0
rodmcp/internal/webtools/tools.go:486.58,488.2 1 0
rodmcp/internal/webtools/tools.go:490.68,533.2 1 0
rodmcp/internal/webtools/tools.go:535.107,537.15 2 0
rodmcp/internal/webtools/tools.go:537.15,540.3 2 0
rodmcp/internal/webtools/tools.go:543.2,548.9 4 0
rodmcp/internal/webtools/tools.go:548.9,550.3 1 0
rodmcp/internal/webtools/tools.go:552.2,556.46 4 0
rodmcp/internal/webtools/tools.go:556.46,558.3 1 0
rodmcp/internal/webtools/tools.go:560.2,561.52 2 0
rodmcp/internal/webtools/tools.go:561.52,563.3 1 0
rodmcp/internal/webtools/tools.go:565.2,566.52 2 0
rodmcp/internal/webtools/tools.go:566.52,568.3 1 0
rodmcp/internal/webtools/tools.go:570.2,571.46 2 0
rodmcp/internal/webtools/tools.go:571.46,573.3 1 0
rodmcp/internal/webtools/tools.go:576.2,579.12 3 0
rodmcp/internal/webtools/tools.go:579.12,581.17 2 0
rodmcp/internal/webtools/tools.go:581.17,584.4 2 0
rodmcp/internal/webtools/tools.go:585.3,585.23 1 0
rodmcp/internal/webtools/tools.go:589.2,589.9 1 0
rodmcp/internal/webtools/tools.go:590.20,591.84 1 0
rodmcp/internal/webtools/tools.go:592.26,593.18 1 0
rodmcp/internal/webtools/tools.go:594.30,595.21 1 0
rodmcp/internal/webtools/tools.go:599.193,683.16 3 0
rodmcp/internal/webtools/tools.go:683.16,685.3 1 0
rodmcp/internal/webtools/tools.go:688.2,690.9 3 0
rodmcp/internal/webtools/tools.go:690.9,692.3 1 0
rodmcp/internal/webtools/tools.go:693.2,693.69 1 0
rodmcp/internal/webtools/tools.go:693.69,695.3 1 0
rodmcp/internal/webtools/tools.go:698.2,698.51 1 0
rodmcp/internal/webtools/tools.go:698.51,705.3 1 0
rodmcp/internal/webtools/tools.go:708.2,709.9 2 0
rodmcp/internal/webtools/tools.go:709.9,711.3 1 0
rodmcp/internal/webtools/tools.go:714.2,718.16 3 0
rodmcp/internal/webtools/tools.go:718.16,720.3 1 0
rodmcp/internal/webtools/tools.go:726.2,726.20 1 0
rodmcp/internal/webtools/tools.go:726.20,729.70 2 0
rodmcp/internal/webtools/tools.go:729.70,737.29 4 0
rodmcp/internal/webtools/tools.go:737.29,739.39 2 0
rodmcp/internal/webtools/tools.go:739.39,741.6 1 0
rodmcp/internal/webtools/tools.go:744.4,750.10 1 0
rodmcp/internal/webtools/tools.go:754.3,754.82 1 0
rodmcp/internal/webtools/tools.go:754.82,772.4 5 0
rodmcp/internal/webtools/tools.go:774.3,774.71 1 0
rodmcp/internal/webtools/tools.go:774.71,782.4 1 0
rodmcp/internal/webtools/tools.go:784.3,785.25 2 0
rodmcp/internal/webtools/tools.go:785.25,788.88 2 0
rodmcp/internal/webtools/tools.go:788.88,790.5 1 0
rodmcp/internal/webtools/tools.go:792.3,792.24 1 0
rodmcp/internal/webtools/tools.go:792.24,795.4 1 0
rodmcp/internal/webtools/tools.go:797.3,807.9 1 0
rodmcp/internal/webtools/tools.go:811.2,814.24 3 0
rodmcp/internal/webtools/tools.go:814.24,816.59 2 0
rodmcp/internal/webtools/tools.go:816.59,818.4 1 0
rodmcp/internal/webtools/tools.go:819.3,819.81 1 0
rodmcp/internal/webtools/tools.go:819.81,821.4 1 0
rodmcp/internal/webtools/tools.go:824.2,830.8 1 0
rodmcp/internal/webtools/tools.go:839.101,844.2 1 0
rodmcp/internal/webtools/tools.go:846.46,848.2 1 0
rodmcp/internal/webtools/tools.go:850.53,852.2 1 0
rodmcp/internal/webtools/tools.go:854.63,887.2 1 0
rodmcp/internal/webtools/tools.go:889.102,891.15 2 0
rodmcp/internal/webtools/tools.go:891.15,894.3 2 0
rodmcp/internal/webtools/tools.go:897.2,902.9 4 0
rodmcp/internal/webtools/tools.go:902.9,904.3 1 0
rodmcp/internal/webtools/tools.go:906.2,910.45 4 0
rodmcp/internal/webtools/tools.go:910.45,912.3 1 0
rodmcp/internal/webtools/tools.go:914.2,915.44 2 0
rodmcp/internal/webtools/tools.go:915.44,917.3 1 0
rodmcp/internal/webtools/tools.go:920.2,923.12 3 0
rodmcp/internal/webtools/tools.go:923.12,925.17 2 0
rodmcp/internal/webtools/tools.go:925.17,928.4 2 0
rodmcp/internal/webtools/tools.go:929.3,929.23 1 0
rodmcp/internal/webtools/tools.go:933.2,933.9 1 0
rodmcp/internal/webtools/tools.go:934.20,935.83 1 0
rodmcp/internal/webtools/tools.go:936.26,937.18 1 0
rodmcp/internal/webtools/tools.go:938.30,939.21 1 0
rodmcp/internal/webtools/tools.go:943.143,946.16 2 0
rodmcp/internal/webtools/tools.go:946.16,948.3 1 0
rodmcp/internal/webtools/tools.go:951.2,1031.16 3 0
rodmcp/internal/webtools/tools.go:1031.16,1033.3 1 0
rodmcp/internal/webtools/tools.go:1036.2,1038.9 3 0
rodmcp/internal/webtools/tools.go:1038.9,1040.3 1 0
rodmcp/internal/webtools/tools.go:1041.2,1041.69 1 0
rodmcp/internal/webtools/tools.go:1041.69,1043.3 1 0
rodmcp/internal/webtools/tools.go:1046.2,1046.51 1 0
rodmcp/internal/webtools/tools.go:1046.51,1053.3 1 0
rodmcp/internal/webtools/tools.go:1056.2,1057.66 2 0
rodmcp/internal/webtools/tools.go:1057.66,1059.3 1 0
rodmcp/internal/webtools/tools.go:1060.2,1060.16 1 0
rodmcp/internal/webtools/tools.go:1060.16,1062.3 1 0
rodmcp/internal/webtools/tools.go:1064.2,1070.8 1 0
rodmcp/internal/webtools/tools.go:1073.81,1138.50 2 0
rodmcp/internal/webtools/tools.go:1138.50,1141.17 2 0
rodmcp/internal/webtools/tools.go:1141.17,1143.4 1 0
rodmcp/internal/webtools/tools.go:1144.3,1144.32 1 0
rodmcp/internal/webtools/tools.go:1147.2,1147.135 1 0
rodmcp/internal/webtools/tools.go:1156.95,1158.2 1 0
rodmcp/internal/webtools/tools.go:1160.43,1162.2 1 0
rodmcp/internal/webtools/tools.go:1164.50,1166.2 1 0
rodmcp/internal/webtools/tools.go:1168.60,1183.2 1 0
rodmcp/internal/webtools/tools.go:1185.99,1197.12 5 0
rodmcp/internal/webtools/tools.go:1197.12,1199.16 2 0
rodmcp/internal/webtools/tools.go:1199.16,1202.4 2 0
rodmcp/internal/webtools/tools.go:1204.3,1205.26 2 0
rodmcp/internal/webtools/tools.go:1205.26,1208.23 2 0
rodmcp/internal/webtools/tools.go:1208.23,1217.5 2 0
rodmcp/internal/webtools/tools.go:1218.4,1218.21 1 0
rodmcp/internal/webtools/tools.go:1221.3,1222.10 2 0
rodmcp/internal/webtools/tools.go:1222.10,1225.4 2 0
rodmcp/internal/webtools/tools.go:1227.3,1228.17 2 0
rodmcp/internal/webtools/tools.go:1228.17,1237.4 2 0
rodmcp/internal/webtools/tools.go:1239.3,1245.10 1 0
rodmcp/internal/webtools/tools.go:1248.2,1248.9 1 0
rodmcp/internal/webtools/tools.go:1249.27,1250.31 1 0
rodmcp/internal/webtools/tools.go:1251.20,1258.9 1 0
rodmcp/internal/webtools/tools.go:1268.103,1270.2 1 0
rodmcp/internal/webtools/tools.go:1272.47,1274.2 1 0
rodmcp/internal/webtools/tools.go:1276.54,1278.2 1 0
rodmcp/internal/webtools/tools.go:1280.64,1295.2 1 0
rodmcp/internal/webtools/tools.go:1297.103,1299.15 2 0
rodmcp/internal/webtools/tools.go:1299.15,1302.3 2 0
rodmcp/internal/webtools/tools.go:1304.2,1305.9 2 0
rodmcp/internal/webtools/tools.go:1305.9,1307.3 1 0
rodmcp/internal/webtools/tools.go:1309.2,1310.18 2 0
rodmcp/internal/webtools/tools.go:1310.18,1311.14 1 0
rodmcp/internal/webtools/tools.go:1311.14,1313.4 1 0
rodmcp/internal/webtools/tools.go:1313.9,1315.4 1 0
rodmcp/internal/webtools/tools.go:1319.2,1320.16 2 0
rodmcp/internal/webtools/tools.go:1320.16,1328.3 1 0
rodmcp/internal/webtools/tools.go:1330.2,1331.13 2 0
rodmcp/internal/webtools/tools.go:1331.13,1333.3 1 0
rodmcp/internal/webtools/tools.go:1335.2,1349.8 2 0
rodmcp/internal/webtools/tools.go:1358.62,1360.2 1 0
rodmcp/internal/webtools/tools.go:1362.41,1364.2 1 0
rodmcp/internal/webtools/tools.go:1366.48,1368.2 1 0
rodmcp/internal/webtools/tools.go:1370.58,1384.2 1 0
rodmcp/internal/webtools/tools.go:1386.97,1388.15 2 0
rodmcp/internal/webtools/tools.go:1388.15,1391.3 2 0
rodmcp/internal/webtools/tools.go:1393.2,1394.28 2 0
rodmcp/internal/webtools/tools.go:1394.28,1396.3 1 0
rodmcp/internal/webtools/tools.go:1398.2,1399.41 2 0
rodmcp/internal/webtools/tools.go:1399.41,1401.3 1 0
rodmcp/internal/webtools/tools.go:1401.8,1401.44 1 0
rodmcp/internal/webtools/tools.go:1401.44,1403.3 1 0
rodmcp/internal/webtools/tools.go:1406.2,1406.21 1 0
rodmcp/internal/webtools/tools.go:1406.21,1408.3 1 0
rodmcp/internal/webtools/tools.go:1411.2,1418.12 5 0
rodmcp/internal/webtools/tools.go:1418.12,1419.82 1 0
rodmcp/internal/webtools/tools.go:1419.82,1422.4 1 0
rodmcp/internal/webtools/tools.go:1425.2,1437.8 2 0
rodmcp/internal/webtools/tools.go:1446.82,1447.22 1 0
rodmcp/internal/webtools/tools.go:1447.22,1449.3 1 0
rodmcp/internal/webtools/tools.go:1450.2,1453.3 1 0
rodmcp/internal/webtools/tools.go:1456.38,1458.2 1 0
rodmcp/internal/webtools/tools.go:1460.45,1462.2 1 0
rodmcp/internal/webtools/tools.go:1464.55,1475.2 1 0
rodmcp/internal/webtools/tools.go:1477.94,1481.9 3 0
rodmcp/internal/webtools/tools.go:1481.9,1483.3 1 0
rodmcp/internal/webtools/tools.go:1486.2,1489.68 2 0
rodmcp/internal/webtools/tools.go:1489.68,1494.3 2 0
rodmcp/internal/webtools/tools.go:1497.2,1498.16 2 0
rodmcp/internal/webtools/tools.go:1498.16,1503.3 2 0
rodmcp/internal/webtools/tools.go:1505.2,1521.8 3 0
rodmcp/internal/webtools/tools.go:1530.84,1531.22 1 0
rodmcp/internal/webtools/tools.go:1531.22,1533.3 1 0
rodmcp/internal/webtools/tools.go:1534.2,1537.3 1 0
rodmcp/internal/webtools/tools.go:1540.39,1542.2 1 0
rodmcp/internal/webtools/tools.go:1544.46,1546.2 1 0
rodmcp/internal/webtools/tools.go:1548.56,1568.2 1 0
rodmcp/internal/webtools/tools.go:1570.95,1574.9 3 0
rodmcp/internal/webtools/tools.go:1574.9,1576.3 1 0
rodmcp/internal/webtools/tools.go:1578.2,1579.9 2 0
rodmcp/internal/webtools/tools.go:1579.9,1581.3 1 0
rodmcp/internal/webtools/tools.go:1583.2,1584.47 2 0
rodmcp/internal/webtools/tools.go:1584.47,1586.3 1 0
rodmcp/internal/webtools/tools.go:1589.2,1592.69 2 0
rodmcp/internal/webtools/tools.go:1592.69,1597.3 2 0
rodmcp/internal/webtools/tools.go:1600.2,1600.74 1 0
rodmcp/internal/webtools/tools.go:1600.74,1606.3 2 0
rodmcp/internal/webtools/tools.go:1609.2,1609.16 1 0
rodmcp/internal/webtools/tools.go:1609.16,1612.64 2 0
rodmcp/internal/webtools/tools.go:1612.64,1617.4 2 0
rodmcp/internal/webtools/tools.go:1618.3,1618.48 1 0
rodmcp/internal/webtools/tools.go:1618.48,1620.4 1 0
rodmcp/internal/webtools/tools.go:1624.2,1625.16 2 0
rodmcp/internal/webtools/tools.go:1625.16,1630.3 2 0
rodmcp/internal/webtools/tools.go:1632.2,1648.8 3 0
rodmcp/internal/webtools/tools.go:1657.92,1658.22 1 0
rodmcp/internal/webtools/tools.go:1658.22,1660.3 1 0
rodmcp/internal/webtools/tools.go:1661.2,1664.3 1 0
rodmcp/internal/webtools/tools.go:1667.43,1669.2 1 0
rodmcp/internal/webtools/tools.go:1671.50,1673.2 1 0
rodmcp/internal/webtools/tools.go:1675.60,1691.2 1 0
rodmcp/internal/webtools/tools.go:1693.99,1697.42 3 0
rodmcp/internal/webtools/tools.go:1697.42,1699.3 1 0
rodmcp/internal/webtools/tools.go:1701.2,1702.47 2 0
rodmcp/internal/webtools/tools.go:1702.47,1704.3 1 0
rodmcp/internal/webtools/tools.go:1707.2,1710.68 2 0
rodmcp/internal/webtools/tools.go:1710.68,1715.3 2 0
rodmcp/internal/webtools/tools.go:1718.2,1719.16 2 0
rodmcp/internal/webtools/tools.go:1719.16,1724.3 2 0
rodmcp/internal/webtools/tools.go:1726.2,1729.32 3 0
rodmcp/internal/webtools/tools.go:1729.32,1733.50 2 0
rodmcp/internal/webtools/tools.go:1733.50,1734.12 1 0
rodmcp/internal/webtools/tools.go:1737.3,1738.17 2 0
rodmcp/internal/webtools/tools.go:1738.17,1739.12 1 0
rodmcp/internal/webtools/tools.go:1742.3,1750.19 2 0
rodmcp/internal/webtools/tools.go:1750.19,1752.4 1 0
rodmcp/internal/webtools/tools.go:1754.3,1755.30 2 0
rodmcp/internal/webtools/tools.go:1758.2,1766.29 5 0
rodmcp/internal/webtools/tools.go:1766.29,1772.30 5 0
rodmcp/internal/webtools/tools.go:1772.30,1774.4 1 0
rodmcp/internal/webtools/tools.go:1774.9,1776.4 1 0
rodmcp/internal/webtools/tools.go:1779.2,1790.8 1 0
rodmcp/internal/webtools/tools.go:1798.62,1800.2 1 0
rodmcp/internal/webtools/tools.go:1802.41,1804.2 1 0
rodmcp/internal/webtools/tools.go:1806.48,1808.2 1 0
rodmcp/internal/webtools/tools.go:1810.58,1844.2 1 0
rodmcp/internal/webtools/tools.go:1846.97,1850.9 3 0
rodmcp/internal/webtools/tools.go:1850.9,1852.3 1 0
rodmcp/internal/webtools/tools.go:1854.2,1855.44 2 0
rodmcp/internal/webtools/tools.go:1855.44,1857.3 1 0
rodmcp/internal/webtools/tools.go:1859.2,1860.46 2 0
rodmcp/internal/webtools/tools.go:1860.46,1862.3 1 0
rodmcp/internal/webtools/tools.go:1864.2,1868.38 3 0
rodmcp/internal/webtools/tools.go:1868.38,1870.17 2 0
rodmcp/internal/webtools/tools.go:1870.17,1872.4 1 0
rodmcp/internal/webtools/tools.go:1873.3,1874.34 2 0
rodmcp/internal/webtools/tools.go:1875.8,1875.53 1 0
rodmcp/internal/webtools/tools.go:1875.53,1878.3 2 0
rodmcp/internal/webtools/tools.go:1881.2,1882.16 2 0
rodmcp/internal/webtools/tools.go:1882.16,1884.3 1 0
rodmcp/internal/webtools/tools.go:1887.2,1887.65 1 0
rodmcp/internal/webtools/tools.go:1887.65,1888.35 1 0
rodmcp/internal/webtools/tools.go:1888.35,1889.42 1 0
rodmcp/internal/webtools/tools.go:1889.42,1891.5 1 0
rodmcp/internal/webtools/tools.go:1896.2,1896.41 1 0
rodmcp/internal/webtools/tools.go:1896.41,1898.3 1 0
rodmcp/internal/webtools/tools.go:1901.2,1907.16 3 0
rodmcp/internal/webtools/tools.go:1907.16,1913.3 2 0
rodmcp/internal/webtools/tools.go:1914.2,1918.16 3 0
rodmcp/internal/webtools/tools.go:1918.16,1920.3 1 0
rodmcp/internal/webtools/tools.go:1922.2,1932.39 4 0
rodmcp/internal/webtools/tools.go:1932.39,1933.22 1 0
rodmcp/internal/webtools/tools.go:1933.22,1935.4 1 0
rodmcp/internal/webtools/tools.go:1938.2,1941.42 2 0
rodmcp/internal/webtools/tools.go:1941.42,1943.3 1 0
rodmcp/internal/webtools/tools.go:1945.2,1963.8 2 0
rodmcp/internal/webtools/tools.go:1972.86,1974.2 1 0
rodmcp/internal/webtools/tools.go:1976.42,1978.2 1 0
rodmcp/internal/webtools/tools.go:1980.49,1982.2 1 0
rodmcp/internal/webtools/tools.go:1984.59,2008.2 1 0
rodmcp/internal/webtools/tools.go:2010.98,2014.9 3 0
rodmcp/internal/webtools/tools.go:2014.9,2016.3 1 0
rodmcp/internal/webtools/tools.go:2018.2,2018.61 1 0
rodmcp/internal/webtools/tools.go:2018.61,2020.3 1 0
rodmcp/internal/webtools/tools.go:2022.2,2023.45 2 0
rodmcp/internal/webtools/tools.go:2023.45,2025.3 1 0
rodmcp/internal/webtools/tools.go:2027.2,2028.44 2 0
rodmcp/internal/webtools/tools.go:2028.45,2030.3 0 0
rodmcp/internal/webtools/tools.go:2033.2,2033.18 1 0
rodmcp/internal/webtools/tools.go:2033.18,2036.22 2 0
rodmcp/internal/webtools/tools.go:2036.22,2044.4 1 0
rodmcp/internal/webtools/tools.go:2045.3,2045.20 1 0
rodmcp/internal/webtools/tools.go:2049.2,2059.16 3 0
rodmcp/internal/webtools/tools.go:2059.16,2064.3 2 0
rodmcp/internal/webtools/tools.go:2066.2,2082.8 3 0
rodmcp/internal/webtools/tools.go:2091.78,2093.2 1 0
rodmcp/internal/webtools/tools.go:2095.38,2097.2 1 0
rodmcp/internal/webtools/tools.go:2099.45,2101.2 1 0
rodmcp/internal/webtools/tools.go:2103.55,2130.2 1 0
rodmcp/internal/webtools/tools.go:2132.94,2136.9 3 0
rodmcp/internal/webtools/tools.go:2136.9,2138.3 1 0
rodmcp/internal/webtools/tools.go:2140.2,2140.61 1 0
rodmcp/internal/webtools/tools.go:2140.61,2142.3 1 0
rodmcp/internal/webtools/tools.go:2144.2,2145.9 2 0
rodmcp/internal/webtools/tools.go:2145.9,2147.3 1 0
rodmcp/internal/webtools/tools.go:2149.2,2149.60 1 0
rodmcp/internal/webtools/tools.go:2149.60,2151.3 1 0
rodmcp/internal/webtools/tools.go:2153.2,2154.45 2 0
rodmcp/internal/webtools/tools.go:2154.45,2156.3 1 0
rodmcp/internal/webtools/tools.go:2159.2,2159.18 1 0
rodmcp/internal/webtools/tools.go:2159.18,2162.22 2 0
rodmcp/internal/webtools/tools.go:2162.22,2170.4 1 0
rodmcp/internal/webtools/tools.go:2171.3,2171.20 1 0
rodmcp/internal/webtools/tools.go:2174.2,2175.41 2 0
rodmcp/internal/webtools/tools.go:2175.41,2177.3 1 0
rodmcp/internal/webtools/tools.go:2180.2,2185.11 5 0
rodmcp/internal/webtools/tools.go:2185.11,2187.3 1 0
rodmcp/internal/webtools/tools.go:2189.2,2203.16 3 0
rodmcp/internal/webtools/tools.go:2203.16,2209.3 2 0
rodmcp/internal/webtools/tools.go:2211.2,2231.8 3 0
rodmcp/internal/webtools/tools.go:2239.48,2241.2 1 0
rodmcp/internal/webtools/tools.go:2243.34,2245.2 1 0
rodmcp/internal/webtools/tools.go:2247.41,2249.2 1 0
rodmcp/internal/webtools/tools.go:2251.51,2264.2 1 0
rodmcp/internal/webtools/tools.go:2266.90,2270.9 3 0
rodmcp/internal/webtools/tools.go:2270.9,2272.3 1 0
rodmcp/internal/webtools/tools.go:2274.2,2274.35 1 0
rodmcp/internal/webtools/tools.go:2274.35,2276.3 1 0
rodmcp/internal/webtools/tools.go:2278.2,2295.8 5 0
rodmcp/internal/webtools/tools.go:2304.90,2306.2 1 0
rodmcp/internal/webtools/tools.go:2308.44,2310.2 1 0
rodmcp/internal/webtools/tools.go:2312.51,2314.2 1 0
rodmcp/internal/webtools/tools.go:2316.61,2336.2 1 0
rodmcp/internal/webtools/tools.go:2338.100,2342.9 3 0
rodmcp/internal/webtools/tools.go:2342.9,2344.3 1 0
rodmcp/internal/webtools/tools.go:2346.2,2347.45 2 0
rodmcp/internal/webtools/tools.go:2347.45,2349.3 1 0
rodmcp/internal/webtools/tools.go:2352.2,2352.18 1 0
rodmcp/internal/webtools/tools.go:2352.18,2355.22 2 0
rodmcp/internal/webtools/tools.go:2355.22,2363.4 1 0
rodmcp/internal/webtools/tools.go:2364.3,2364.20 1 0
rodmcp/internal/webtools/tools.go:2367.2,2368.46 2 0
rodmcp/internal/webtools/tools.go:2368.46,2370.3 1 0
rodmcp/internal/webtools/tools.go:2373.2,2403.16 3 0
rodmcp/internal/webtools/tools.go:2403.16,2409.3 2 0
rodmcp/internal/webtools/tools.go:2411.2,2429.8 3 0
rodmcp/internal/webtools/tools.go:2438.90,2440.2 1 0
rodmcp/internal/webtools/tools.go:2442.44,2444.2 1 0
rodmcp/internal/webtools/tools.go:2446.51,2448.2 1 0
rodmcp/internal/webtools/tools.go:2450.61,2465.2 1 0
rodmcp/internal/webtools/tools.go:2467.100,2471.9 3 0
rodmcp/internal/webtools/tools.go:2471.9,2473.3 1 0
rodmcp/internal/webtools/tools.go:2475.2,2476.45 2 0
rodmcp/internal/webtools/tools.go:2476.45,2478.3 1 0
rodmcp/internal/webtools/tools.go:2481.2,2481.18 1 0
rodmcp/internal/webtools/tools.go:2481.18,2484.22 2 0
rodmcp/internal/webtools/tools.go:2484.22,2492.4 1 0
rodmcp/internal/webtools/tools.go:2493.3,2493.20 1 0
rodmcp/internal/webtools/tools.go:2496.2,2505.16 3 0
rodmcp/internal/webtools/tools.go:2505.16,2510.3 2 0
rodmcp/internal/webtools/tools.go:2512.2,2513.42 2 0
rodmcp/internal/webtools/tools.go:2513.42,2515.3 1 0
rodmcp/internal/webtools/tools.go:2515.8,2518.3 1 0
rodmcp/internal/webtools/tools.go:2520.2,2537.8 3 0
rodmcp/internal/webtools/tools.go:2546.100,2548.2 1 0
rodmcp/internal/webtools/tools.go:2550.49,2552.2 1 0
rodmcp/internal/webtools/tools.go:2554.56,2556.2 1 0
rodmcp/internal/webtools/tools.go:2558.66,2577.2 1 0
rodmcp/internal/webtools/tools.go:2579.105,2583.9 3 0
rodmcp/internal/webtools/tools.go:2583.9,2585.3 1 0
rodmcp/internal/webtools/tools.go:2587.2,2588.9 2 0
rodmcp/internal/webtools/tools.go:2588.9,2590.3 1 0
rodmcp/internal/webtools/tools.go:2592.2,2593.45 2 0
rodmcp/internal/webtools/tools.go:2593.45,2595.3 1 0
rodmcp/internal/webtools/tools.go:2598.2,2598.18 1 0
rodmcp/internal/webtools/tools.go:2598.18,2601.22 2 0
rodmcp/internal/webtools/tools.go:2601.22,2609.4 1 0
rodmcp/internal/webtools/tools.go:2610.3,2610.20 1 0
rodmcp/internal/webtools/tools.go:2613.2,2622.16 3 0
rodmcp/internal/webtools/tools.go:2622.16,2628.3 2 0
rodmcp/internal/webtools/tools.go:2630.2,2631.42 2 0
rodmcp/internal/webtools/tools.go:2631.42,2633.3 1 0
rodmcp/internal/webtools/tools.go:2633.8,2636.3 1 0
rodmcp/internal/webtools/tools.go:2638.2,2657.8 3 0
rodmcp/internal/webtools/tools.go:2666.74,2668.2 1 0
rodmcp/internal/webtools/tools.go:2670.36,2672.2 1 0
rodmcp/internal/webtools/tools.go:2674.43,2676.2 1 0
rodmcp/internal/webtools/tools.go:2678.53,2701.2 1 0
rodmcp/internal/webtools/tools.go:2703.92,2707.46 3 0
rodmcp/internal/webtools/tools.go:2707.46,2709.3 1 0
rodmcp/internal/webtools/tools.go:2711.2,2712.40 2 0
rodmcp/internal/webtools/tools.go:2712.40,2714.3 1 0
rodmcp/internal/webtools/tools.go:2716.2,2717.40 2 0
rodmcp/internal/webtools/tools.go:2717.40,2719.3 1 0
rodmcp/internal/webtools/tools.go:2721.2,2722.45 2 0
rodmcp/internal/webtools/tools.go:2722.45,2724.3 1 0
rodmcp/internal/webtools/tools.go:2727.2,2727.18 1 0
rodmcp/internal/webtools/tools.go:2727.18,2730.22 2 0
rodmcp/internal/webtools/tools.go:2730.22,2738.4 1 0
rodmcp/internal/webtools/tools.go:2739.3,2739.20 1 0
rodmcp/internal/webtools/tools.go:2742.2,2745.20 3 0
rodmcp/internal/webtools/tools.go:2745.20,2756.3 2 0
rodmcp/internal/webtools/tools.go:2756.8,2756.29 1 0
rodmcp/internal/webtools/tools.go:2756.29,2763.3 2 0
rodmcp/internal/webtools/tools.go:2763.8,2765.3 1 0
rodmcp/internal/webtools/tools.go:2767.2,2768.16 2 0
rodmcp/internal/webtools/tools.go:2768.16,2775.3 2 0
rodmcp/internal/webtools/tools.go:2777.2,2797.8 3 0
rodmcp/internal/webtools/tools.go:2806.86,2808.2 1 0
rodmcp/internal/webtools/tools.go:2810.42,2812.2 1 0
rodmcp/internal/webtools/tools.go:2814.49,2816.2 1 0
rodmcp/internal/webtools/tools.go:2818.59,2833.2 1 0
rodmcp/internal/webtools/tools.go:2835.98,2839.9 3 0
rodmcp/internal/webtools/tools.go:2839.9,2841.3 1 0
rodmcp/internal/webtools/tools.go:2843.2,2844.45 2 0
rodmcp/internal/webtools/tools.go:2844.45,2846.3 1 0
rodmcp/internal/webtools/tools.go:2849.2,2849.18 1 0
rodmcp/internal/webtools/tools.go:2849.18,2852.22 2 0
rodmcp/internal/webtools/tools.go:2852.22,2860.4 1 0
rodmcp/internal/webtools/tools.go:2861.3,2861.20 1 0
rodmcp/internal/webtools/tools.go:2864.2,2890.16 3 0
rodmcp/internal/webtools/tools.go:2890.16,2895.3 2 0
rodmcp/internal/webtools/tools.go:2897.2,2913.8 3 0
rodmcp/internal/webtools/tools.go:2922.86,2924.2 1 0
rodmcp/internal/webtools/tools.go:2926.42,2928.2 1 0
rodmcp/internal/webtools/tools.go:2930.49,2932.2 1 0
rodmcp/internal/webtools/tools.go:2934.59,2997.2 1 0
rodmcp/internal/webtools/tools.go:2999.98,3011.12 5 0
rodmcp/internal/webtools/tools.go:3011.12,3014.3 2 0
rodmcp/internal/webtools/tools.go:3016.2,3016.9 1 0
rodmcp/internal/webtools/tools.go:3017.27,3018.31 1 0
rodmcp/internal/webtools/tools.go:3019.20,3026.9 1 0
rodmcp/internal/webtools/tools.go:3030.110,3035.45 3 0
rodmcp/internal/webtools/tools.go:3035.45,3037.3 1 0
rodmcp/internal/webtools/tools.go:3039.2,3039.18 1 0
rodmcp/internal/webtools/tools.go:3039.18,3041.27 2 0
rodmcp/internal/webtools/tools.go:3041.27,3043.4 1 0
rodmcp/internal/webtools/tools.go:3046.3,3047.17 2 0
rodmcp/internal/webtools/tools.go:3047.17,3049.4 1 0
rodmcp/internal/webtools/tools.go:3050.3,3050.21 1 0
rodmcp/internal/webtools/tools.go:3054.2,3054.67 1 0
rodmcp/internal/webtools/tools.go:3054.67,3056.52 2 0
rodmcp/internal/webtools/tools.go:3056.52,3058.4 1 0
rodmcp/internal/webtools/tools.go:3060.3,3088.75 2 0
rodmcp/internal/webtools/tools.go:3088.75,3090.4 1 0
rodmcp/internal/webtools/tools.go:3094.2,3094.75 1 0
rodmcp/internal/webtools/tools.go:3094.75,3123.77 2 0
rodmcp/internal/webtools/tools.go:3123.77,3126.4 1 0
rodmcp/internal/webtools/tools.go:3130.2,3130.82 1 0
rodmcp/internal/webtools/tools.go:3130.82,3131.77 1 0
rodmcp/internal/webtools/tools.go:3131.77,3134.4 1 0
rodmcp/internal/webtools/tools.go:3138.2,3139.32 2 0
rodmcp/internal/webtools/tools.go:3139.32,3141.3 1 0
rodmcp/internal/webtools/tools.go:3143.2,3144.50 2 0
rodmcp/internal/webtools/tools.go:3144.50,3146.3 1 0
rodmcp/internal/webtools/tools.go:3148.2,3151.31 3 0
rodmcp/internal/webtools/tools.go:3151.31,3153.3 1 0
rodmcp/internal/webtools/tools.go:3153.8,3155.3 1 0
rodmcp/internal/webtools/tools.go:3157.2,3157.16 1 0
rodmcp/internal/webtools/tools.go:3157.16,3159.3 1 0
rodmcp/internal/webtools/tools.go:3162.2,3163.52 2 0
rodmcp/internal/webtools/tools.go:3163.52,3165.3 1 0
rodmcp/internal/webtools/tools.go:3167.2,3168.21 2 0
rodmcp/internal/webtools/tools.go:3168.21,3176.3 2 0
rodmcp/internal/webtools/tools.go:3176.8,3180.3 1 0
rodmcp/internal/webtools/tools.go:3182.2,3195.8 3 0
rodmcp/internal/webtools/tools.go:3198.122,3201.54 2 0
rodmcp/internal/webtools/tools.go:3201.54,3203.10 2 0
rodmcp/internal/webtools/tools.go:3203.10,3204.12 1 0
rodmcp/internal/webtools/tools.go:3207.3,3252.17 3 0
rodmcp/internal/webtools/tools.go:3252.17,3258.12 3 0
rodmcp/internal/webtools/tools.go:3261.3,3261.27 1 0
rodmcp/internal/webtools/tools.go:3264.2,3264.20 1 0
rodmcp/internal/webtools/tools.go:3267.155,3269.36 2 0
rodmcp/internal/webtools/tools.go:3269.36,3271.3 1 0
rodmcp/internal/webtools/tools.go:3274.2,3275.54 2 0
rodmcp/internal/webtools/tools.go:3275.54,3276.53 1 0
rodmcp/internal/webtools/tools.go:3276.53,3278.4 1 0
rodmcp/internal/webtools/tools.go:3281.2,3343.16 3 0
rodmcp/internal/webtools/tools.go:3343.16,3345.3 1 0
rodmcp/internal/webtools/tools.go:3348.2,3354.26 2 0
rodmcp/internal/webtools/tools.go:3355.21,3357.26 2 0
rodmcp/internal/webtools/tools.go:3357.26,3358.56 1 0
rodmcp/internal/webtools/tools.go:3358.56,3360.5 1 0
rodmcp/internal/webtools/tools.go:3362.3,3362.21 1 0
rodmcp/internal/webtools/tools.go:3363.32,3364.16 1 0
rodmcp/internal/webtools/tools.go:3365.19,3367.52 1 0
rodmcp/internal/webtools/tools.go:3367.52,3369.61 2 0
rodmcp/internal/webtools/tools.go:3369.61,3371.5 1 0
rodmcp/internal/webtools/tools.go:3375.2,3375.90 1 0
rodmcp/internal/webtools/tools.go:3384.78,3386.2 1 0
rodmcp/internal/webtools/tools.go:3388.38,3390.2 1 0
rodmcp/internal/webtools/tools.go:3392.45,3394.2 1 0
rodmcp/internal/webtools/tools.go:3396.55,3438.2 1 0
rodmcp/internal/webtools/tools.go:3440.94,3451.12 5 0
rodmcp/internal/webtools/tools.go:3451.12,3454.3 2 0
rodmcp/internal/webtools/tools.go:3456.2,3456.9 1 0
rodmcp/internal/webtools/tools.go:3457.27,3458.31 1 0
rodmcp/internal/webtools/tools.go:3459.20,3466.9 1 0
rodmcp/internal/webtools/tools.go:3470.102,3472.15 2 0
rodmcp/internal/webtools/tools.go:3472.15,3475.3 2 0
rodmcp/internal/webtools/tools.go:3478.2,3479.45 2 0
rodmcp/internal/webtools/tools.go:3479.45,3481.3 1 0
rodmcp/internal/webtools/tools.go:3483.2,3483.18 1 0
rodmcp/internal/webtools/tools.go:3483.18,3485.22 2 0
rodmcp/internal/webtools/tools.go:3485.22,3493.4 1 0
rodmcp/internal/webtools/tools.go:3494.3,3494.20 1 0
rodmcp/internal/webtools/tools.go:3498.2,3499.64 2 0
rodmcp/internal/webtools/tools.go:3499.64,3501.3 1 0
rodmcp/internal/webtools/tools.go:3504.2,3505.29 2 0
rodmcp/internal/webtools/tools.go:3505.29,3507.3 1 0
rodmcp/internal/webtools/tools.go:3510.2,3511.42 2 0
rodmcp/internal/webtools/tools.go:3511.42,3513.3 1 0
rodmcp/internal/webtools/tools.go:3515.2,3516.53 2 0
rodmcp/internal/webtools/tools.go:3516.53,3518.3 1 0
rodmcp/internal/webtools/tools.go:3520.2,3521.50 2 0
rodmcp/internal/webtools/tools.go:3521.50,3523.3 1 0
rodmcp/internal/webtools/tools.go:3526.2,3529.43 3 0
rodmcp/internal/webtools/tools.go:3529.43,3531.17 2 0
rodmcp/internal/webtools/tools.go:3531.17,3533.12 2 0
rodmcp/internal/webtools/tools.go:3535.3,3535.44 1 0
rodmcp/internal/webtools/tools.go:3539.2,3540.22 2 0
rodmcp/internal/webtools/tools.go:3540.22,3542.3 1 0
rodmcp/internal/webtools/tools.go:3545.2,3546.32 2 0
rodmcp/internal/webtools/tools.go:3546.32,3548.23 2 0
rodmcp/internal/webtools/tools.go:3548.23,3551.4 2 0
rodmcp/internal/webtools/tools.go:3551.9,3553.4 1 0
rodmcp/internal/webtools/tools.go:3554.8,3554.19 1 0
rodmcp/internal/webtools/tools.go:3554.19,3556.3 1 0
rodmcp/internal/webtools/tools.go:3556.8,3558.3 1 0
rodmcp/internal/webtools/tools.go:3561.2,3566.26 4 0
rodmcp/internal/webtools/tools.go:3566.26,3568.3 1 0
rodmcp/internal/webtools/tools.go:3570.2,3570.21 1 0
rodmcp/internal/webtools/tools.go:3570.21,3572.3 1 0
rodmcp/internal/webtools/tools.go:3574.2,3574.12 1 0
rodmcp/internal/webtools/tools.go:3574.12,3576.3 1 0
rodmcp/internal/webtools/tools.go:3578.2,3596.8 2 0
rodmcp/internal/webtools/tools.go:3599.155,3604.27 3 0
rodmcp/internal/webtools/tools.go:3605.14,3607.23 2 0
rodmcp/internal/webtools/tools.go:3608.12,3610.24 2 0
rodmcp/internal/webtools/tools.go:3611.15,3613.23 2 0
rodmcp/internal/webtools/tools.go:3614.11,3616.23 2 0
rodmcp/internal/webtools/tools.go:3617.10,3618.62 1 0
rodmcp/internal/webtools/tools.go:3621.2,3622.19 2 0
rodmcp/internal/webtools/tools.go:3622.19,3628.3 1 0
rodmcp/internal/webtools/tools.go:3630.2,3687.16 3 0
rodmcp/internal/webtools/tools.go:3687.16,3689.3 1 0
rodmcp/internal/webtools/tools.go:3692.2,3692.56 1 0
rodmcp/internal/webtools/tools.go:3692.56,3693.66 1 0
rodmcp/internal/webtools/tools.go:3693.66,3694.53 1 0
rodmcp/internal/webtools/tools.go:3694.53,3696.5 1 0
rodmcp/internal/webtools/tools.go:3697.4,3697.72 1 0
rodmcp/internal/webtools/tools.go:3699.3,3699.24 1 0
rodmcp/internal/webtools/tools.go:3703.2,3703.54 1 0
rodmcp/internal/webtools/tools.go:3703.54,3705.63 2 0
rodmcp/internal/webtools/tools.go:3705.63,3706.67 1 0
rodmcp/internal/webtools/tools.go:3706.67,3707.54 1 0
rodmcp/internal/webtools/tools.go:3707.54,3709.6 1 0
rodmcp/internal/webtools/tools.go:3711.4,3711.25 1 0
rodmcp/internal/webtools/tools.go:3715.2,3715.54 1 0
rodmcp/internal/webtools/tools.go:3718.94,3759.16 3 0
rodmcp/internal/webtools/tools.go:3759.16,3761.3 1 0
rodmcp/internal/webtools/tools.go:3763.2,3766.48 2 0
rodmcp/internal/webtools/tools.go:3766.48,3767.40 1 0
rodmcp/internal/webtools/tools.go:3767.40,3768.62 1 0
rodmcp/internal/webtools/tools.go:3768.62,3769.56 1 0
rodmcp/internal/webtools/tools.go:3769.56,3771.48 2 0
rodmcp/internal/webtools/tools.go:3771.48,3773.7 1 0
rodmcp/internal/webtools/tools.go:3774.6,3774.67 1 0
rodmcp/internal/webtools/tools.go:3780.2,3780.20 1 0
rodmcp/internal/webtools/tools.go:3783.70,3803.16 3 0
rodmcp/internal/webtools/tools.go:3803.16,3805.3 1 0
rodmcp/internal/webtools/tools.go:3807.2,3807.12 1 0
rodmcp/internal/webtools/tools.go:3816.94,3818.2 1 0
rodmcp/internal/webtools/tools.go:3820.46,3822.2 1 0
rodmcp/internal/webtools/tools.go:3824.53,3826.2 1 0
rodmcp/internal/webtools/tools.go:3828.63,3866.2 1 0
rodmcp/internal/webtools/tools.go:3868.102,3871.46 2 0
rodmcp/internal/webtools/tools.go:3871.46,3873.3 1 0
rodmcp/internal/webtools/tools.go:3875.2,3884.12 5 0
rodmcp/internal/webtools/tools.go:3884.12,3887.3 2 0
rodmcp/internal/webtools/tools.go:3889.2,3889.9 1 0
rodmcp/internal/webtools/tools.go:3890.27,3891.31 1 0
rodmcp/internal/webtools/tools.go:3892.20,3899.9 1 0
rodmcp/internal/webtools/tools.go:3903.118,3905.15 2 0
rodmcp/internal/webtools/tools.go:3905.15,3908.3 2 0
rodmcp/internal/webtools/tools.go:3911.2,3912.45 2 0
rodmcp/internal/webtools/tools.go:3912.45,3914.3 1 0
rodmcp/internal/webtools/tools.go:3916.2,3916.18 1 0
rodmcp/internal/webtools/tools.go:3916.18,3918.22 2 0
rodmcp/internal/webtools/tools.go:3918.22,3926.4 1 0
rodmcp/internal/webtools/tools.go:3927.3,3927.20 1 0
rodmcp/internal/webtools/tools.go:3931.2,3932.28 2 0
rodmcp/internal/webtools/tools.go:3932.28,3934.3 1 0
rodmcp/internal/webtools/tools.go:3937.2,3938.46 2 0
rodmcp/internal/webtools/tools.go:3938.46,3940.3 1 0
rodmcp/internal/webtools/tools.go:3942.2,3943.47 2 0
rodmcp/internal/webtools/tools.go:3943.47,3945.3 1 0
rodmcp/internal/webtools/tools.go:3947.2,3948.49 2 0
rodmcp/internal/webtools/tools.go:3948.49,3950.3 1 0
rodmcp/internal/webtools/tools.go:3952.2,3953.48 2 0
rodmcp/internal/webtools/tools.go:3953.48,3955.3 1 0
rodmcp/internal/webtools/tools.go:3958.2,4030.16 4 0
rodmcp/internal/webtools/tools.go:4030.16,4038.3 1 0
rodmcp/internal/webtools/tools.go:4041.2,4044.56 2 0
rodmcp/internal/webtools/tools.go:4044.56,4046.3 1 0
rodmcp/internal/webtools/tools.go:4046.8,4046.61 1 0
rodmcp/internal/webtools/tools.go:4046.61,4047.63 1 0
rodmcp/internal/webtools/tools.go:4047.63,4055.4 1 0
rodmcp/internal/webtools/tools.go:4056.8,4064.3 1 0
rodmcp/internal/webtools/tools.go:4067.2,4068.48 2 0
rodmcp/internal/webtools/tools.go:4068.48,4070.3 1 0
rodmcp/internal/webtools/tools.go:4072.2,4073.54 2 0
rodmcp/internal/webtools/tools.go:4073.54,4075.3 1 0
rodmcp/internal/webtools/tools.go:4077.2,4078.52 2 0
rodmcp/internal/webtools/tools.go:4078.52,4080.3 1 0
rodmcp/internal/webtools/tools.go:4082.2,4083.48 2 0
rodmcp/internal/webtools/tools.go:4083.48,4085.3 1 0
rodmcp/internal/webtools/tools.go:4088.2,4090.13 2 0
rodmcp/internal/webtools/tools.go:4090.13,4092.24 2 0
rodmcp/internal/webtools/tools.go:4092.24,4094.4 1 0
rodmcp/internal/webtools/tools.go:4095.3,4095.89 1 0
rodmcp/internal/webtools/tools.go:4096.8,4098.24 2 0
rodmcp/internal/webtools/tools.go:4098.24,4100.4 1 0
rodmcp/internal/webtools/tools.go:4101.3,4101.104 1 0
rodmcp/internal/webtools/tools.go:4104.2,4115.17 2 0
rodmcp/internal/webtools/tools.go:4115.17,4117.3 1 0
rodmcp/internal/webtools/tools.go:4119.2,4119.20 1 0
rodmcp/internal/webtools/tools.go:4119.20,4121.3 1 0
rodmcp/internal/webtools/tools.go:4123.2,4130.8 1 0
rodmcp/internal/webtools/tools.go:4139.88,4141.2 1 0
rodmcp/internal/webtools/tools.go:4143.43,4145.2 1 0
rodmcp/internal/webtools/tools.go:4147.50,4149.2 1 0
rodmcp/internal/webtools/tools.go:4151.60,4200.2 1 0
rodmcp/internal/webtools/tools.go:4202.99,4213.12 5 0
rodmcp/internal/webtools/tools.go:4213.12,4216.3 2 0
rodmcp/internal/webtools/tools.go:4218.2,4218.9 1 0
rodmcp/internal/webtools/tools.go:4219.27,4220.31 1 0
rodmcp/internal/webtools/tools.go:4221.20,4228.9 1 0
rodmcp/internal/webtools/tools.go:4232.112,4234.15 2 0
rodmcp/internal/webtools/tools.go:4234.15,4237.3 2 0
rodmcp/internal/webtools/tools.go:4240.2,4241.45 2 0
rodmcp/internal/webtools/tools.go:4241.45,4243.3 1 0
rodmcp/internal/webtools/tools.go:4245.2,4245.18 1 0
rodmcp/internal/webtools/tools.go:4245.18,4247.22 2 0
rodmcp/internal/webtools/tools.go:4247.22,4255.4 1 0
rodmcp/internal/webtools/tools.go:4256.3,4256.20 1 0
rodmcp/internal/webtools/tools.go:4260.2,4261.27 2 0
rodmcp/internal/webtools/tools.go:4261.27,4263.3 1 0
rodmcp/internal/webtools/tools.go:4265.2,4266.28 2 0
rodmcp/internal/webtools/tools.go:4266.28,4268.3 1 0
rodmcp/internal/webtools/tools.go:4271.2,4272.52 2 0
rodmcp/internal/webtools/tools.go:4272.52,4274.3 1 0
rodmcp/internal/webtools/tools.go:4276.2,4277.52 2 0
rodmcp/internal/webtools/tools.go:4277.52,4279.3 1 0
rodmcp/internal/webtools/tools.go:4281.2,4282.46 2 0
rodmcp/internal/webtools/tools.go:4282.46,4284.3 1 0
rodmcp/internal/webtools/tools.go:4286.2,4287.50 2 0
rodmcp/internal/webtools/tools.go:4287.50,4289.3 1 0
rodmcp/internal/webtools/tools.go:4292.2,4292.91 1 0
rodmcp/internal/webtools/tools.go:4292.91,4294.3 1 0
rodmcp/internal/webtools/tools.go:4297.2,4297.63 1 0
rodmcp/internal/webtools/tools.go:4297.63,4321.17 3 0
rodmcp/internal/webtools/tools.go:4321.18,4324.4 0 0
rodmcp/internal/webtools/tools.go:4328.2,4329.16 2 0
rodmcp/internal/webtools/tools.go:4329.16,4337.3 1 0
rodmcp/internal/webtools/tools.go:4340.2,4341.58 2 0
rodmcp/internal/webtools/tools.go:4341.58,4343.3 1 0
rodmcp/internal/webtools/tools.go:4343.8,4343.63 1 0
rodmcp/internal/webtools/tools.go:4343.63,4344.67 1 0
rodmcp/internal/webtools/tools.go:4344.67,4352.4 1 0
rodmcp/internal/webtools/tools.go:4353.8,4361.3 1 0
rodmcp/internal/webtools/tools.go:4364.2,4365.51 2 0
rodmcp/internal/webtools/tools.go:4365.51,4367.3 1 0
rodmcp/internal/webtools/tools.go:4369.2,4370.54 2 0
rodmcp/internal/webtools/tools.go:4370.54,4372.3 1 0
rodmcp/internal/webtools/tools.go:4375.2,4387.40 2 0
rodmcp/internal/webtools/tools.go:4387.40,4388.42 1 0
rodmcp/internal/webtools/tools.go:4388.42,4390.4 1 0
rodmcp/internal/webtools/tools.go:4393.2,4394.13 2 0
rodmcp/internal/webtools/tools.go:4394.13,4396.3 1 0
rodmcp/internal/webtools/tools.go:4398.2,4407.8 2 0
rodmcp/internal/webtools/tools.go:4410.107,4411.19 1 0
rodmcp/internal/webtools/tools.go:4412.58,4413.26 1 0
rodmcp/internal/webtools/tools.go:4413.26,4415.4 1 0
rodmcp/internal/webtools/tools.go:4416.23,4417.26 1 0
rodmcp/internal/webtools/tools.go:4417.26,4419.4 1 0
rodmcp/internal/webtools/tools.go:4420.48,4421.49 1 0
rodmcp/internal/webtools/tools.go:4421.49,4423.4 1 0
rodmcp/internal/webtools/tools.go:4424.36,4425.26 1 0
rodmcp/internal/webtools/tools.go:4425.26,4427.4 1 0
rodmcp/internal/webtools/tools.go:4428.63,4429.26 1 0
rodmcp/internal/webtools/tools.go:4429.26,4431.4 1 0
rodmcp/internal/webtools/tools.go:4433.2,4433.12 1 0
rodmcp/internal/webtools/tools.go:4436.153,4727.2 2 0
rodmcp/internal/webtools/tools.go:4735.93,4740.2 1 0
rodmcp/internal/webtools/tools.go:4742.42,4744.2 1 0
rodmcp/internal/webtools/tools.go:4746.49,4748.2 1 0
rodmcp/internal/webtools/tools.go:4750.59,4802.2 1 0
rodmcp/internal/webtools/tools.go:4804.98,4806.15 2 0
rodmcp/internal/webtools/tools.go:4806.15,4809.3 2 0
rodmcp/internal/webtools/tools.go:4812.2,4817.9 4 0
rodmcp/internal/webtools/tools.go:4817.9,4819.3 1 0
rodmcp/internal/webtools/tools.go:4821.2,4824.51 3 0
rodmcp/internal/webtools/tools.go:4824.51,4826.3 1 0
rodmcp/internal/webtools/tools.go:4828.2,4829.51 2 0
rodmcp/internal/webtools/tools.go:4829.51,4831.3 1 0
rodmcp/internal/webtools/tools.go:4833.2,4834.51 2 0
rodmcp/internal/webtools/tools.go:4834.51,4836.3 1 0
rodmcp/internal/webtools/tools.go:4838.2,4839.47 2 0
rodmcp/internal/webtools/tools.go:4839.47,4842.3 2 0
rodmcp/internal/webtools/tools.go:4844.2,4845.58 2 0
rodmcp/internal/webtools/tools.go:4845.58,4847.3 1 0
rodmcp/internal/webtools/tools.go:4849.2,4850.49 2 0
rodmcp/internal/webtools/tools.go:4850.49,4852.3 1 0
rodmcp/internal/webtools/tools.go:4855.2,4858.12 3 0
rodmcp/internal/webtools/tools.go:4858.12,4860.17 2 0
rodmcp/internal/webtools/tools.go:4860.17,4863.4 2 0
rodmcp/internal/webtools/tools.go:4864.3,4864.23 1 0
rodmcp/internal/webtools/tools.go:4868.2,4868.9 1 0
rodmcp/internal/webtools/tools.go:4869.20,4870.79 1 0
rodmcp/internal/webtools/tools.go:4871.26,4872.18 1 0
rodmcp/internal/webtools/tools.go:4873.30,4874.21 1 0
rodmcp/internal/webtools/tools.go:4878.222,5064.16 1 0
rodmcp/internal/webtools/tools.go:5064.16,5064.36 1 0
rodmcp/internal/webtools/tools.go:5064.36,5064.74 1 0
rodmcp/internal/webtools/tools.go:5064.79,5064.97 1 0
rodmcp/internal/webtools/tools.go:5067.16,5068.26 1 0
rodmcp/internal/webtools/tools.go:5068.26,5071.4 2 0
rodmcp/internal/webtools/tools.go:5071.9,5073.4 1 0
rodmcp/internal/webtools/tools.go:5078.2,5079.16 2 0
rodmcp/internal/webtools/tools.go:5079.16,5081.3 1 0
rodmcp/internal/webtools/tools.go:5084.2,5086.9 3 0
rodmcp/internal/webtools/tools.go:5086.9,5088.3 1 0
rodmcp/internal/webtools/tools.go:5089.2,5089.69 1 0
rodmcp/internal/webtools/tools.go:5089.69,5091.3 1 0
rodmcp/internal/webtools/tools.go:5094.2,5094.51 1 0
rodmcp/internal/webtools/tools.go:5094.51,5101.3 1 0
rodmcp/internal/webtools/tools.go:5104.2,5108.22 4 0
rodmcp/internal/webtools/tools.go:5109.13,5110.68 1 0
rodmcp/internal/webtools/tools.go:5111.15,5113.82 2 0
rodmcp/internal/webtools/tools.go:5114.17,5116.84 2 0
rodmcp/internal/webtools/tools.go:5120.2,5120.55 1 0
rodmcp/internal/webtools/tools.go:5120.55,5123.77 2 0
rodmcp/internal/webtools/tools.go:5123.77,5125.4 1 0
rodmcp/internal/webtools/tools.go:5128.2,5138.8 1 0
rodmcp/internal/webtools/tools.go:5147.87,5152.2 1 0
rodmcp/internal/webtools/tools.go:5154.39,5156.2 1 0
rodmcp/internal/webtools/tools.go:5158.46,5160.2 1 0
rodmcp/internal/webtools/tools.go:5162.56,5194.2 1 0
rodmcp/internal/webtools/tools.go:5196.95,5198.15 2 0
rodmcp/internal/webtools/tools.go:5198.15,5201.3 2 0
rodmcp/internal/webtools/tools.go:5203.2,5204.44 2 0
rodmcp/internal/webtools/tools.go:5204.44,5206.3 1 0
rodmcp/internal/webtools/tools.go:5208.2,5209.46 2 0
rodmcp/internal/webtools/tools.go:5209.46,5211.3 1 0
rodmcp/internal/webtools/tools.go:5213.2,5213.16 1 0
rodmcp/internal/webtools/tools.go:5214.16,5215.36 1 0
rodmcp/internal/webtools/tools.go:5216.16,5217.36 1 0
rodmcp/internal/webtools/tools.go:5218.15,5219.35 1 0
rodmcp/internal/webtools/tools.go:5220.14,5221.29 1 0
rodmcp/internal/webtools/tools.go:5222.19,5223.33 1 0
rodmcp/internal/webtools/tools.go:5224.10,5231.9 1 0
rodmcp/internal/webtools/tools.go:5235.110,5237.26 2 0
rodmcp/internal/webtools/tools.go:5237.26,5245.3 1 0
rodmcp/internal/webtools/tools.go:5248.2,5249.16 2 0
rodmcp/internal/webtools/tools.go:5249.16,5257.3 1 0
rodmcp/internal/webtools/tools.go:5260.2,5286.12 6 0
rodmcp/internal/webtools/tools.go:5286.12,5287.78 1 0
rodmcp/internal/webtools/tools.go:5287.78,5288.53 1 0
rodmcp/internal/webtools/tools.go:5288.53,5290.5 1 0
rodmcp/internal/webtools/tools.go:5292.3,5292.15 1 0
rodmcp/internal/webtools/tools.go:5295.2,5295.9 1 0
rodmcp/internal/webtools/tools.go:5296.14,5296.14 0 0
rodmcp/internal/webtools/tools.go:5298.20,5299.63 1 0
rodmcp/internal/webtools/tools.go:5302.2,5303.21 2 0
rodmcp/internal/webtools/tools.go:5303.21,5304.57 1 0
rodmcp/internal/webtools/tools.go:5304.57,5306.4 1 0
rodmcp/internal/webtools/tools.go:5310.2,5310.42 1 0
rodmcp/internal/webtools/tools.go:5310.42,5312.3 1 0
rodmcp/internal/webtools/tools.go:5314.2,5325.8 1 0
rodmcp/internal/webtools/tools.go:5328.110,5331.21 2 0
rodmcp/internal/webtools/tools.go:5331.21,5339.3 1 0
rodmcp/internal/webtools/tools.go:5341.2,5345.63 3 0
rodmcp/internal/webtools/tools.go:5345.63,5347.30 2 0
rodmcp/internal/webtools/tools.go:5347.30,5348.31 1 0
rodmcp/internal/webtools/tools.go:5348.31,5350.10 2 0
rodmcp/internal/webtools/tools.go:5353.3,5353.24 1 0
rodmcp/internal/webtools/tools.go:5353.24,5361.4 1 0
rodmcp/internal/webtools/tools.go:5362.8,5362.59 1 0
rodmcp/internal/webtools/tools.go:5362.59,5368.30 3 0
rodmcp/internal/webtools/tools.go:5368.30,5369.36 1 0
rodmcp/internal/webtools/tools.go:5369.36,5371.10 2 0
rodmcp/internal/webtools/tools.go:5375.3,5375.19 1 0
rodmcp/internal/webtools/tools.go:5376.15,5378.34 2 0
rodmcp/internal/webtools/tools.go:5379.19,5381.21 2 0
rodmcp/internal/webtools/tools.go:5381.21,5383.5 1 0
rodmcp/internal/webtools/tools.go:5384.4,5384.34 1 0
rodmcp/internal/webtools/tools.go:5385.16,5386.26 1 0
rodmcp/internal/webtools/tools.go:5387.15,5388.37 1 0
rodmcp/internal/webtools/tools.go:5389.11,5396.10 1 0
rodmcp/internal/webtools/tools.go:5398.3,5398.31 1 0
rodmcp/internal/webtools/tools.go:5399.8,5404.30 3 0
rodmcp/internal/webtools/tools.go:5404.30,5405.36 1 0
rodmcp/internal/webtools/tools.go:5405.36,5407.10 2 0
rodmcp/internal/webtools/tools.go:5411.3,5413.31 3 0
rodmcp/internal/webtools/tools.go:5417.2,5417.60 1 0
rodmcp/internal/webtools/tools.go:5417.60,5425.3 1 0
rodmcp/internal/webtools/tools.go:5427.2,5439.8 1 0
rodmcp/internal/webtools/tools.go:5442.109,5444.21 2 0
rodmcp/internal/webtools/tools.go:5444.21,5452.3 1 0
rodmcp/internal/webtools/tools.go:5454.2,5455.63 2 0
rodmcp/internal/webtools/tools.go:5455.63,5456.26 1 0
rodmcp/internal/webtools/tools.go:5456.26,5458.4 1 0
rodmcp/internal/webtools/tools.go:5458.9,5460.4 1 0
rodmcp/internal/webtools/tools.go:5461.8,5463.3 1 0
rodmcp/internal/webtools/tools.go:5466.2,5467.29 2 0
rodmcp/internal/webtools/tools.go:5467.29,5468.30 1 0
rodmcp/internal/webtools/tools.go:5468.30,5470.9 2 0
rodmcp/internal/webtools/tools.go:5474.2,5474.23 1 0
rodmcp/internal/webtools/tools.go:5474.23,5482.3 1 0
rodmcp/internal/webtools/tools.go:5485.2,5486.31 2 0
rodmcp/internal/webtools/tools.go:5486.31,5489.30 2 0
rodmcp/internal/webtools/tools.go:5489.30,5490.31 1 0
rodmcp/internal/webtools/tools.go:5490.31,5492.10 2 0
rodmcp/internal/webtools/tools.go:5496.3,5496.23 1 0
rodmcp/internal/webtools/tools.go:5496.23,5497.64 1 0
rodmcp/internal/webtools/tools.go:5497.64,5499.5 1 0
rodmcp/internal/webtools/tools.go:5504.2,5504.57 1 0
rodmcp/internal/webtools/tools.go:5504.57,5512.3 1 0
rodmcp/internal/webtools/tools.go:5514.2,5527.8 2 0
rodmcp/internal/webtools/tools.go:5530.80,5534.21 3 0
rodmcp/internal/webtools/tools.go:5534.21,5541.3 1 0
rodmcp/internal/webtools/tools.go:5543.2,5549.29 5 0
rodmcp/internal/webtools/tools.go:5549.29,5551.35 2 0
rodmcp/internal/webtools/tools.go:5551.35,5553.4 1 0
rodmcp/internal/webtools/tools.go:5555.3,5556.18 2 0
rodmcp/internal/webtools/tools.go:5556.18,5558.4 1 0
rodmcp/internal/webtools/tools.go:5560.3,5563.23 4 0
rodmcp/internal/webtools/tools.go:5563.23,5565.4 1 0
rodmcp/internal/webtools/tools.go:5567.3,5573.5 1 0
rodmcp/internal/webtools/tools.go:5576.2,5587.8 1 0
rodmcp/internal/webtools/tools.go:5590.84,5592.21 2 0
rodmcp/internal/webtools/tools.go:5592.21,5600.3 1 0
rodmcp/internal/webtools/tools.go:5602.2,5607.29 4 0
rodmcp/internal/webtools/tools.go:5607.29,5608.35 1 0
rodmcp/internal/webtools/tools.go:5608.35,5609.62 1 0
rodmcp/internal/webtools/tools.go:5609.62,5611.5 1 0
rodmcp/internal/webtools/tools.go:5611.10,5613.5 1 0
rodmcp/internal/webtools/tools.go:5617.2,5618.21 2 0
rodmcp/internal/webtools/tools.go:5618.21,5620.3 1 0
rodmcp/internal/webtools/tools.go:5622.2,5634.8 1 0
rodmcp/internal/webtools/validation.go:20.42,23.21 2 0
rodmcp/internal/webtools/validation.go:23.21,25.3 1 0
rodmcp/internal/webtools/validation.go:27.2,27.28 1 0
rodmcp/internal/webtools/validation.go:27.28,29.3 1 0
rodmcp/internal/webtools/validation.go:31.2,31.25 1 0
rodmcp/internal/webtools/validation.go:31.25,33.3 1 0
rodmcp/internal/webtools/validation.go:35.2,35.23 1 0
rodmcp/internal/webtools/validation.go:35.23,37.3 1 0
rodmcp/internal/webtools/validation.go:39.2,39.12 1 0
rodmcp/internal/webtools/validation.go:43.63,44.20 1 0
rodmcp/internal/webtools/validation.go:44.20,64.3 1 0
rodmcp/internal/webtools/validation.go:67.2,67.38 1 0
rodmcp/internal/webtools/validation.go:67.38,77.3 1 0
rodmcp/internal/webtools/validation.go:80.2,80.73 1 0
rodmcp/internal/webtools/validation.go:80.74,82.3 0 0
rodmcp/internal/webtools/validation.go:82.8,82.80 1 0
rodmcp/internal/webtools/validation.go:82.81,84.3 0 0
rodmcp/internal/webtools/validation.go:84.8,84.46 1 0
rodmcp/internal/webtools/validation.go:84.46,86.80 1 0
rodmcp/internal/webtools/validation.go:86.80,104.4 1 0
rodmcp/internal/webtools/validation.go:107.2,107.12 1 0
rodmcp/internal/webtools/validation.go:111.53,112.15 1 0
rodmcp/internal/webtools/validation.go:112.15,132.3 1 0
rodmcp/internal/webtools/validation.go:135.2,135.32 1 0
rodmcp/internal/webtools/validation.go:135.32,145.3 1 0
rodmcp/internal/webtools/validation.go:148.2,150.75 1 0
rodmcp/internal/webtools/validation.go:150.75,169.3 1 0
rodmcp/internal/webtools/validation.go:171.2,171.12 1 0
rodmcp/internal/webtools/validation.go:175.72,176.31 1 0
rodmcp/internal/webtools/validation.go:176.31,194.3 1 0
rodmcp/internal/webtools/validation.go:196.2,196.12 1 0
rodmcp/internal/webtools/validation.go:200.73,203.29 2 0
rodmcp/internal/webtools/validation.go:204.11,205.17 1 0
rodmcp/internal/webtools/validation.go:206.15,207.22 1 0
rodmcp/internal/webtools/validation.go:208.14,217.4 1 0
rodmcp/internal/webtools/validation.go:218.10,227.4 1 0
rodmcp/internal/webtools/validation.go:230.2,230.20 1 0
rodmcp/internal/webtools/validation.go:230.20,240.3 1 0
rodmcp/internal/webtools/validation.go:242.2,242.22 1 0
rodmcp/internal/webtools/validation.go:242.22,256.3 1 0
rodmcp/internal/webtools/validation.go:258.2,258.24 1 0
rodmcp/internal/webtools/validation.go:262.63,263.20 1 0
rodmcp/internal/webtools/validation.go:263.20,281.3 1 0
rodmcp/internal/webtools/validation.go:284.2,285.40 2 0
rodmcp/internal/webtools/validation.go:285.40,302.3 1 0
rodmcp/internal/webtools/validation.go:304.2,304.12 1 0
